TN:
SF:/home/ritesh/development/UserManagementServer/ui/src/polyfills.ts
FNF:0
FNH:0
LF:0
LH:0
BRF:0
BRH:0
end_of_record
TN:
SF:/home/ritesh/development/UserManagementServer/ui/src/test.ts
FNF:0
FNH:0
DA:13,1
DA:18,1
DA:20,1
LF:3
LH:3
BRF:0
BRH:0
end_of_record
TN:
SF:/home/ritesh/development/UserManagementServer/ui/src/app/app.component.ts
FN:3,(anonymous_0)
FNF:1
FNH:1
FNDA:2,(anonymous_0)
DA:8,1
DA:10,2
LF:2
LH:2
BRF:0
BRH:0
end_of_record
TN:
SF:/home/ritesh/development/UserManagementServer/ui/src/app/admin/admin.component.ts
FN:13,(anonymous_0)
FN:15,(anonymous_1)
FNF:2
FNH:2
FNDA:1,(anonymous_0)
FNDA:1,(anonymous_1)
DA:11,1
LF:1
LH:1
BRF:0
BRH:0
end_of_record
TN:
SF:/home/ritesh/development/UserManagementServer/ui/src/app/admin/endcustomer/endcustomer.component.ts
FN:23,(anonymous_0)
FN:130,(anonymous_1)
FN:724,(anonymous_2)
FN:731,(anonymous_3)
FN:737,(anonymous_4)
FN:145,(anonymous_5)
FN:154,(anonymous_6)
FN:161,(anonymous_7)
FN:171,(anonymous_8)
FN:175,(anonymous_9)
FN:196,(anonymous_10)
FN:197,(anonymous_11)
FN:200,(anonymous_12)
FN:202,(anonymous_13)
FN:208,(anonymous_14)
FN:212,(anonymous_15)
FN:217,(anonymous_16)
FN:224,(anonymous_17)
FN:230,(anonymous_18)
FN:238,(anonymous_19)
FN:250,(anonymous_20)
FN:259,(anonymous_21)
FN:268,(anonymous_22)
FN:274,(anonymous_23)
FN:283,(anonymous_24)
FN:298,(anonymous_25)
FN:310,(anonymous_26)
FN:318,(anonymous_27)
FN:327,(anonymous_28)
FN:337,(anonymous_29)
FN:343,(anonymous_30)
FN:358,(anonymous_31)
FN:363,(anonymous_32)
FN:366,(anonymous_33)
FN:375,(anonymous_34)
FN:384,(anonymous_35)
FN:427,(anonymous_36)
FN:429,(anonymous_37)
FN:442,(anonymous_38)
FN:448,(anonymous_39)
FN:455,(anonymous_40)
FN:456,(anonymous_41)
FN:460,(anonymous_42)
FN:464,(anonymous_43)
FN:468,(anonymous_44)
FN:472,(anonymous_45)
FN:483,(anonymous_46)
FN:484,(anonymous_47)
FN:499,(anonymous_48)
FN:505,(anonymous_49)
FN:512,(anonymous_50)
FN:519,(anonymous_51)
FN:523,(anonymous_52)
FN:526,(anonymous_53)
FN:528,(anonymous_54)
FN:531,(anonymous_55)
FN:541,(anonymous_56)
FN:543,(anonymous_57)
FN:557,(anonymous_58)
FN:561,(anonymous_59)
FN:574,(anonymous_60)
FN:583,(anonymous_61)
FN:588,(anonymous_62)
FN:591,(anonymous_63)
FN:592,(anonymous_64)
FN:594,(anonymous_65)
FN:606,(anonymous_66)
FN:607,(anonymous_67)
FN:609,(anonymous_68)
FN:621,(anonymous_69)
FN:622,(anonymous_70)
FN:630,(anonymous_71)
FN:634,(anonymous_72)
FN:635,(anonymous_73)
FN:643,(anonymous_74)
FN:650,(anonymous_75)
FN:651,(anonymous_76)
FN:659,(anonymous_77)
FN:666,(anonymous_78)
FN:667,(anonymous_79)
FN:678,(anonymous_80)
FN:689,(anonymous_81)
FN:692,(anonymous_82)
FN:696,(anonymous_83)
FN:702,(anonymous_84)
FN:706,(anonymous_85)
FN:713,(anonymous_86)
FN:715,(anonymous_87)
FN:744,(anonymous_88)
FN:748,(anonymous_89)
FN:757,(anonymous_90)
FN:765,(anonymous_91)
FN:778,(anonymous_92)
FN:786,(anonymous_93)
FN:799,(anonymous_94)
FN:802,(anonymous_95)
FN:806,(anonymous_96)
FN:817,(anonymous_97)
FN:828,(anonymous_98)
FN:831,(anonymous_99)
FN:837,(anonymous_100)
FN:839,(anonymous_101)
FN:844,(anonymous_102)
FN:852,(anonymous_103)
FN:858,(anonymous_104)
FN:887,(anonymous_105)
FN:904,(anonymous_106)
FN:924,(anonymous_107)
FN:949,(anonymous_108)
FN:960,(anonymous_109)
FN:999,(anonymous_110)
FN:1010,(anonymous_111)
FN:1024,(anonymous_112)
FN:1026,(anonymous_113)
FN:1027,(anonymous_114)
FN:1033,(anonymous_115)
FN:1042,(anonymous_116)
FN:1046,(anonymous_117)
FN:1062,(anonymous_118)
FN:1066,(anonymous_119)
FN:1077,(anonymous_120)
FN:1082,(anonymous_121)
FN:1091,(anonymous_122)
FN:1107,(anonymous_123)
FN:1108,(anonymous_124)
FN:1122,(anonymous_125)
FN:1158,(anonymous_126)
FN:1186,(anonymous_127)
FN:1187,(anonymous_128)
FN:1193,(anonymous_129)
FN:1207,(anonymous_130)
FN:1229,(anonymous_131)
FN:1245,(anonymous_132)
FN:1246,(anonymous_133)
FN:1249,(anonymous_134)
FN:1254,(anonymous_135)
FN:1255,(anonymous_136)
FN:1258,(anonymous_137)
FN:1263,(anonymous_138)
FN:1265,(anonymous_139)
FN:1269,(anonymous_140)
FN:1285,(anonymous_141)
FN:1301,(anonymous_142)
FN:1307,(anonymous_143)
FN:1308,(anonymous_144)
FN:1317,(anonymous_145)
FN:1318,(anonymous_146)
FN:1323,(anonymous_147)
FN:1331,(anonymous_148)
FN:1333,(anonymous_149)
FN:1338,(anonymous_150)
FN:1340,(anonymous_151)
FN:1348,(anonymous_152)
FN:1358,(anonymous_153)
FN:1368,(anonymous_154)
FN:1372,(anonymous_155)
FN:1382,(anonymous_156)
FN:1384,(anonymous_157)
FN:1392,(anonymous_158)
FN:1394,(anonymous_159)
FN:1402,(anonymous_160)
FN:1413,(anonymous_161)
FN:1416,(anonymous_162)
FN:1418,(anonymous_163)
FN:1427,(anonymous_164)
FNF:165
FNH:124
FNDA:5,(anonymous_0)
FNDA:83,(anonymous_1)
FNDA:1,(anonymous_2)
FNDA:0,(anonymous_3)
FNDA:2,(anonymous_4)
FNDA:86,(anonymous_5)
FNDA:88,(anonymous_6)
FNDA:2,(anonymous_7)
FNDA:1,(anonymous_8)
FNDA:0,(anonymous_9)
FNDA:1,(anonymous_10)
FNDA:1,(anonymous_11)
FNDA:4,(anonymous_12)
FNDA:12,(anonymous_13)
FNDA:1,(anonymous_14)
FNDA:86,(anonymous_15)
FNDA:1,(anonymous_16)
FNDA:0,(anonymous_17)
FNDA:1250,(anonymous_18)
FNDA:2,(anonymous_19)
FNDA:3,(anonymous_20)
FNDA:1,(anonymous_21)
FNDA:2,(anonymous_22)
FNDA:4,(anonymous_23)
FNDA:2,(anonymous_24)
FNDA:1,(anonymous_25)
FNDA:0,(anonymous_26)
FNDA:1,(anonymous_27)
FNDA:6,(anonymous_28)
FNDA:3,(anonymous_29)
FNDA:9,(anonymous_30)
FNDA:24,(anonymous_31)
FNDA:5,(anonymous_32)
FNDA:0,(anonymous_33)
FNDA:5,(anonymous_34)
FNDA:2,(anonymous_35)
FNDA:0,(anonymous_36)
FNDA:0,(anonymous_37)
FNDA:0,(anonymous_38)
FNDA:0,(anonymous_39)
FNDA:0,(anonymous_40)
FNDA:0,(anonymous_41)
FNDA:6,(anonymous_42)
FNDA:3,(anonymous_43)
FNDA:0,(anonymous_44)
FNDA:0,(anonymous_45)
FNDA:9,(anonymous_46)
FNDA:3,(anonymous_47)
FNDA:1,(anonymous_48)
FNDA:2,(anonymous_49)
FNDA:1,(anonymous_50)
FNDA:0,(anonymous_51)
FNDA:2,(anonymous_52)
FNDA:3,(anonymous_53)
FNDA:1,(anonymous_54)
FNDA:0,(anonymous_55)
FNDA:0,(anonymous_56)
FNDA:0,(anonymous_57)
FNDA:2,(anonymous_58)
FNDA:10,(anonymous_59)
FNDA:10,(anonymous_60)
FNDA:20,(anonymous_61)
FNDA:2,(anonymous_62)
FNDA:16,(anonymous_63)
FNDA:16,(anonymous_64)
FNDA:32,(anonymous_65)
FNDA:2,(anonymous_66)
FNDA:2,(anonymous_67)
FNDA:2,(anonymous_68)
FNDA:0,(anonymous_69)
FNDA:0,(anonymous_70)
FNDA:2,(anonymous_71)
FNDA:0,(anonymous_72)
FNDA:0,(anonymous_73)
FNDA:0,(anonymous_74)
FNDA:0,(anonymous_75)
FNDA:0,(anonymous_76)
FNDA:0,(anonymous_77)
FNDA:2,(anonymous_78)
FNDA:2,(anonymous_79)
FNDA:1,(anonymous_80)
FNDA:4,(anonymous_81)
FNDA:16,(anonymous_82)
FNDA:16,(anonymous_83)
FNDA:2,(anonymous_84)
FNDA:2,(anonymous_85)
FNDA:1,(anonymous_86)
FNDA:0,(anonymous_87)
FNDA:28,(anonymous_88)
FNDA:14,(anonymous_89)
FNDA:2,(anonymous_90)
FNDA:2,(anonymous_91)
FNDA:2,(anonymous_92)
FNDA:2,(anonymous_93)
FNDA:2,(anonymous_94)
FNDA:10,(anonymous_95)
FNDA:7,(anonymous_96)
FNDA:8,(anonymous_97)
FNDA:2,(anonymous_98)
FNDA:4,(anonymous_99)
FNDA:4,(anonymous_100)
FNDA:0,(anonymous_101)
FNDA:0,(anonymous_102)
FNDA:0,(anonymous_103)
FNDA:0,(anonymous_104)
FNDA:0,(anonymous_105)
FNDA:4,(anonymous_106)
FNDA:0,(anonymous_107)
FNDA:0,(anonymous_108)
FNDA:6,(anonymous_109)
FNDA:1,(anonymous_110)
FNDA:1,(anonymous_111)
FNDA:1,(anonymous_112)
FNDA:2,(anonymous_113)
FNDA:2,(anonymous_114)
FNDA:1,(anonymous_115)
FNDA:86,(anonymous_116)
FNDA:0,(anonymous_117)
FNDA:10,(anonymous_118)
FNDA:24,(anonymous_119)
FNDA:2,(anonymous_120)
FNDA:4,(anonymous_121)
FNDA:4,(anonymous_122)
FNDA:4,(anonymous_123)
FNDA:16,(anonymous_124)
FNDA:3,(anonymous_125)
FNDA:3,(anonymous_126)
FNDA:2,(anonymous_127)
FNDA:4,(anonymous_128)
FNDA:12,(anonymous_129)
FNDA:1,(anonymous_130)
FNDA:2,(anonymous_131)
FNDA:1,(anonymous_132)
FNDA:0,(anonymous_133)
FNDA:2,(anonymous_134)
FNDA:1,(anonymous_135)
FNDA:3,(anonymous_136)
FNDA:0,(anonymous_137)
FNDA:2,(anonymous_138)
FNDA:10,(anonymous_139)
FNDA:2,(anonymous_140)
FNDA:0,(anonymous_141)
FNDA:1,(anonymous_142)
FNDA:1,(anonymous_143)
FNDA:1,(anonymous_144)
FNDA:1,(anonymous_145)
FNDA:2,(anonymous_146)
FNDA:1,(anonymous_147)
FNDA:2,(anonymous_148)
FNDA:0,(anonymous_149)
FNDA:2,(anonymous_150)
FNDA:1,(anonymous_151)
FNDA:6,(anonymous_152)
FNDA:3,(anonymous_153)
FNDA:1,(anonymous_154)
FNDA:0,(anonymous_155)
FNDA:1,(anonymous_156)
FNDA:4,(anonymous_157)
FNDA:1,(anonymous_158)
FNDA:4,(anonymous_159)
FNDA:8,(anonymous_160)
FNDA:0,(anonymous_161)
FNDA:3,(anonymous_162)
FNDA:0,(anonymous_163)
FNDA:5,(anonymous_164)
DA:23,5
DA:30,1
DA:33,83
DA:34,1
DA:35,83
DA:36,83
DA:37,83
DA:39,83
DA:40,83
DA:47,83
DA:48,83
DA:49,83
DA:50,83
DA:51,83
DA:52,83
DA:53,83
DA:54,83
DA:55,83
DA:56,83
DA:57,83
DA:58,83
DA:59,83
DA:60,83
DA:61,83
DA:62,83
DA:63,83
DA:64,83
DA:65,83
DA:67,83
DA:69,83
DA:70,83
DA:71,83
DA:72,83
DA:73,83
DA:75,83
DA:76,83
DA:77,83
DA:78,83
DA:86,83
DA:95,83
DA:96,83
DA:99,83
DA:100,83
DA:101,83
DA:102,83
DA:103,83
DA:104,83
DA:105,83
DA:106,83
DA:107,83
DA:108,83
DA:109,83
DA:110,83
DA:111,83
DA:113,83
DA:116,83
DA:117,83
DA:118,83
DA:119,83
DA:120,83
DA:121,83
DA:122,83
DA:123,83
DA:124,83
DA:126,83
DA:127,83
DA:128,83
DA:131,83
DA:132,83
DA:133,83
DA:134,83
DA:135,83
DA:136,83
DA:137,83
DA:139,83
DA:140,83
DA:146,86
DA:147,86
DA:148,86
DA:149,86
DA:155,88
DA:156,86
DA:157,86
DA:159,2
DA:160,2
DA:161,2
DA:162,2
DA:163,2
DA:164,2
DA:165,1
DA:166,1
DA:169,1
DA:170,1
DA:171,1
DA:173,1
DA:174,0
DA:175,0
DA:176,0
DA:177,0
DA:180,1
DA:181,1
DA:182,1
DA:184,1
DA:185,1
DA:186,1
DA:187,1
DA:188,1
DA:189,1
DA:190,1
DA:191,1
DA:197,1
DA:201,4
DA:202,4
DA:203,12
DA:205,4
DA:209,1
DA:213,86
DA:218,1
DA:219,1
DA:220,5
DA:222,1
DA:225,0
DA:226,0
DA:232,1250
DA:234,1250
DA:235,1248
DA:237,2
DA:238,1
DA:240,2
DA:246,2
DA:251,3
DA:252,6
DA:253,0
DA:256,3
DA:260,1
DA:261,0
DA:262,0
DA:265,1
DA:269,2
DA:270,2
DA:271,1
DA:273,1
DA:274,1
DA:275,4
DA:278,1
DA:284,2
DA:285,3
DA:286,1
DA:287,1
DA:288,1
DA:291,1
DA:292,1
DA:293,1
DA:294,1
DA:299,1
DA:300,1
DA:301,1
DA:302,4
DA:303,4
DA:304,4
DA:307,1
DA:312,0
DA:313,0
DA:314,0
DA:316,0
DA:320,1
DA:321,1
DA:322,1
DA:323,2
DA:328,6
DA:329,6
DA:330,16
DA:331,12
DA:334,6
DA:338,3
DA:339,3
DA:344,9
DA:345,9
DA:346,5
DA:347,5
DA:348,10
DA:349,7
DA:352,5
DA:359,24
DA:360,24
DA:364,5
DA:365,5
DA:366,5
DA:367,0
DA:368,0
DA:369,0
DA:370,0
DA:371,0
DA:374,4
DA:375,4
DA:376,5
DA:377,0
DA:385,2
DA:386,2
DA:387,2
DA:388,2
DA:389,2
DA:390,2
DA:391,2
DA:393,2
DA:394,1
DA:395,1
DA:396,1
DA:397,1
DA:398,1
DA:399,1
DA:400,1
DA:412,1
DA:413,1
DA:414,1
DA:415,1
DA:416,1
DA:418,1
DA:426,1
DA:427,1
DA:428,0
DA:429,0
DA:430,0
DA:433,1
DA:442,1
DA:443,0
DA:444,0
DA:446,1
DA:447,1
DA:448,1
DA:449,0
DA:451,1
DA:452,1
DA:453,1
DA:455,2
DA:461,6
DA:462,6
DA:463,6
DA:464,6
DA:465,3
DA:466,3
DA:467,3
DA:468,0
DA:469,0
DA:470,0
DA:471,0
DA:472,0
DA:473,0
DA:475,0
DA:476,0
DA:477,0
DA:478,0
DA:479,0
DA:483,9
DA:484,3
DA:485,3
DA:486,0
DA:488,0
DA:489,0
DA:490,0
DA:493,0
DA:494,0
DA:495,0
DA:500,1
DA:501,1
DA:502,1
DA:503,1
DA:504,1
DA:505,1
DA:506,2
DA:508,1
DA:513,1
DA:514,1
DA:515,1
DA:516,1
DA:517,1
DA:519,1
DA:520,0
DA:521,0
DA:523,2
DA:527,3
DA:528,3
DA:529,1
DA:530,1
DA:531,0
DA:532,0
DA:534,0
DA:535,0
DA:536,0
DA:537,0
DA:542,0
DA:543,0
DA:544,0
DA:546,0
DA:558,2
DA:559,2
DA:560,2
DA:561,1
DA:562,10
DA:563,10
DA:564,10
DA:565,1
DA:566,1
DA:567,1
DA:568,1
DA:569,1
DA:570,1
DA:574,1
DA:575,10
DA:576,10
DA:577,10
DA:578,10
DA:579,0
DA:583,20
DA:584,2
DA:589,2
DA:590,1
DA:591,16
DA:592,1
DA:593,16
DA:594,16
DA:595,32
DA:596,32
DA:597,32
DA:598,32
DA:602,1
DA:603,1
DA:605,1
DA:606,2
DA:607,1
DA:608,2
DA:609,2
DA:610,2
DA:611,1
DA:612,1
DA:613,1
DA:617,1
DA:618,1
DA:622,0
DA:623,0
DA:624,0
DA:631,2
DA:632,1
DA:633,1
DA:634,1
DA:635,0
DA:636,0
DA:637,0
DA:638,0
DA:639,0
DA:643,1
DA:644,0
DA:646,1
DA:648,1
DA:649,1
DA:650,1
DA:651,0
DA:652,0
DA:653,0
DA:654,0
DA:655,0
DA:659,1
DA:660,0
DA:662,1
DA:667,2
DA:668,2
DA:669,2
DA:670,2
DA:673,0
DA:674,0
DA:678,2
DA:679,1
DA:681,2
DA:682,2
DA:684,0
DA:690,4
DA:691,2
DA:692,1
DA:693,16
DA:696,1
DA:697,16
DA:701,2
DA:702,1
DA:703,2
DA:706,1
DA:707,2
DA:714,1
DA:715,1
DA:716,0
DA:718,1
DA:724,83
DA:725,1
DA:726,1
DA:727,1
DA:728,1
DA:729,1
DA:730,1
DA:731,1
DA:732,0
DA:734,1
DA:735,1
DA:736,1
DA:737,1
DA:738,2
DA:741,1
DA:745,28
DA:749,14
DA:750,14
DA:751,14
DA:752,14
DA:753,14
DA:754,14
DA:758,2
DA:759,2
DA:760,1
DA:761,1
DA:762,1
DA:763,1
DA:764,1
DA:765,1
DA:766,2
DA:768,1
DA:770,1
DA:771,1
DA:772,1
DA:773,1
DA:774,1
DA:779,2
DA:780,2
DA:781,1
DA:782,1
DA:783,1
DA:784,1
DA:785,1
DA:786,1
DA:787,2
DA:789,1
DA:791,1
DA:792,1
DA:793,1
DA:794,1
DA:795,1
DA:800,2
DA:801,2
DA:802,2
DA:803,10
DA:807,7
DA:818,8
DA:829,2
DA:830,2
DA:831,2
DA:832,4
DA:838,4
DA:839,4
DA:840,0
DA:841,0
DA:842,0
DA:843,0
DA:844,0
DA:845,0
DA:846,0
DA:852,0
DA:853,0
DA:855,0
DA:856,0
DA:859,0
DA:864,0
DA:865,0
DA:866,0
DA:867,0
DA:868,0
DA:870,0
DA:871,0
DA:874,0
DA:875,0
DA:879,4
DA:881,2
DA:882,1
DA:883,1
DA:884,1
DA:885,1
DA:886,1
DA:887,1
DA:888,0
DA:889,0
DA:892,1
DA:896,1
DA:901,3
DA:902,2
DA:903,2
DA:904,2
DA:905,4
DA:906,4
DA:907,1
DA:909,3
DA:914,2
DA:915,0
DA:919,2
DA:920,0
DA:921,0
DA:922,0
DA:923,0
DA:924,0
DA:925,0
DA:926,0
DA:929,0
DA:932,2
DA:933,1
DA:934,1
DA:935,1
DA:936,1
DA:937,1
DA:940,2
DA:941,1
DA:944,1
DA:945,0
DA:946,0
DA:947,0
DA:948,0
DA:949,0
DA:950,0
DA:951,0
DA:954,0
DA:961,6
DA:962,5
DA:966,6
DA:967,1
DA:975,6
DA:976,6
DA:977,2
DA:981,4
DA:982,3
DA:983,0
DA:984,0
DA:987,4
DA:988,4
DA:989,4
DA:990,4
DA:991,4
DA:992,4
DA:993,4
DA:994,4
DA:995,4
DA:996,4
DA:998,4
DA:999,1
DA:1000,1
DA:1001,1
DA:1002,1
DA:1003,1
DA:1004,1
DA:1005,1
DA:1010,3
DA:1011,1
DA:1012,1
DA:1013,1
DA:1014,1
DA:1015,1
DA:1016,1
DA:1025,1
DA:1026,1
DA:1027,2
DA:1028,2
DA:1029,0
DA:1033,1
DA:1034,1
DA:1035,1
DA:1036,1
DA:1037,1
DA:1043,86
DA:1044,86
DA:1045,86
DA:1046,86
DA:1047,0
DA:1049,86
DA:1058,86
DA:1059,86
DA:1064,10
DA:1065,10
DA:1066,10
DA:1067,24
DA:1068,7
DA:1072,10
DA:1074,0
DA:1078,2
DA:1080,2
DA:1081,1
DA:1082,1
DA:1083,4
DA:1084,1
DA:1086,3
DA:1091,2
DA:1092,4
DA:1093,2
DA:1097,2
DA:1099,2
DA:1101,4
DA:1102,4
DA:1103,4
DA:1108,4
DA:1109,16
DA:1111,16
DA:1112,16
DA:1113,16
DA:1114,16
DA:1115,16
DA:1118,0
DA:1123,3
DA:1124,3
DA:1126,3
DA:1128,1
DA:1129,1
DA:1130,1
DA:1131,1
DA:1133,1
DA:1134,1
DA:1135,1
DA:1136,1
DA:1138,0
DA:1139,0
DA:1140,0
DA:1141,0
DA:1143,1
DA:1144,1
DA:1145,1
DA:1146,1
DA:1149,3
DA:1150,3
DA:1151,3
DA:1152,3
DA:1153,1
DA:1155,2
DA:1159,3
DA:1160,3
DA:1162,1
DA:1163,1
DA:1164,1
DA:1165,1
DA:1168,0
DA:1170,1
DA:1171,1
DA:1172,1
DA:1175,0
DA:1177,1
DA:1178,2
DA:1179,1
DA:1182,0
DA:1187,2
DA:1188,4
DA:1189,4
DA:1190,4
DA:1191,4
DA:1192,4
DA:1193,4
DA:1194,12
DA:1197,0
DA:1198,0
DA:1202,2
DA:1203,2
DA:1208,1
DA:1209,1
DA:1210,1
DA:1211,4
DA:1212,4
DA:1213,4
DA:1214,4
DA:1215,4
DA:1216,4
DA:1217,4
DA:1218,4
DA:1219,4
DA:1220,4
DA:1221,4
DA:1223,1
DA:1224,1
DA:1225,1
DA:1230,2
DA:1232,2
DA:1233,2
DA:1234,2
DA:1235,2
DA:1236,2
DA:1237,2
DA:1238,2
DA:1239,1
DA:1241,1
DA:1246,1
DA:1247,0
DA:1249,1
DA:1250,2
DA:1255,1
DA:1256,3
DA:1258,1
DA:1259,0
DA:1264,2
DA:1265,2
DA:1266,10
DA:1268,2
DA:1269,2
DA:1270,2
DA:1271,1
DA:1274,2
DA:1275,2
DA:1276,2
DA:1278,1
DA:1279,1
DA:1286,0
DA:1287,0
DA:1290,0
DA:1291,0
DA:1292,0
DA:1293,0
DA:1295,0
DA:1296,0
DA:1302,1
DA:1303,1
DA:1308,1
DA:1309,1
DA:1312,1
DA:1313,2
DA:1318,1
DA:1319,2
DA:1324,1
DA:1325,1
DA:1326,1
DA:1327,1
DA:1328,1
DA:1332,2
DA:1333,2
DA:1334,0
DA:1339,2
DA:1340,2
DA:1341,1
DA:1342,1
DA:1343,0
DA:1349,6
DA:1350,6
DA:1351,6
DA:1352,6
DA:1353,5
DA:1354,5
DA:1357,1
DA:1358,1
DA:1359,3
DA:1365,1
DA:1369,1
DA:1370,1
DA:1371,1
DA:1372,1
DA:1373,0
DA:1375,1
DA:1379,1
DA:1383,1
DA:1384,1
DA:1385,4
DA:1386,1
DA:1389,1
DA:1393,1
DA:1394,1
DA:1395,4
DA:1396,1
DA:1399,1
DA:1403,8
DA:1404,8
DA:1405,8
DA:1406,8
DA:1413,0
DA:1418,3
DA:1419,0
DA:1420,0
DA:1424,3
DA:1425,1
DA:1427,2
DA:1428,5
DA:1429,5
LF:775
LH:628
BRDA:23,0,0,3
BRDA:23,0,1,2
BRDA:23,1,0,0
BRDA:23,1,1,2
BRDA:735,2,0,0
BRDA:735,2,1,1
BRDA:736,3,0,1
BRDA:736,3,1,0
BRDA:155,4,0,86
BRDA:155,4,1,2
BRDA:162,5,0,2
BRDA:162,5,1,2
BRDA:164,6,0,1
BRDA:164,6,1,1
BRDA:173,7,0,0
BRDA:173,7,1,1
BRDA:174,8,0,0
BRDA:174,8,1,0
BRDA:209,9,0,1
BRDA:209,9,1,1
BRDA:225,10,0,0
BRDA:225,10,1,0
BRDA:234,11,0,1248
BRDA:234,11,1,2
BRDA:237,12,0,1
BRDA:237,12,1,1
BRDA:240,13,0,2
BRDA:240,13,1,1
BRDA:240,13,2,1
BRDA:240,13,3,1
BRDA:252,14,0,0
BRDA:252,14,1,6
BRDA:261,15,0,0
BRDA:261,15,1,0
BRDA:270,16,0,1
BRDA:270,16,1,1
BRDA:273,17,0,1
BRDA:273,17,1,0
BRDA:285,18,0,1
BRDA:285,18,1,2
BRDA:303,19,0,4
BRDA:303,19,1,0
BRDA:330,20,0,12
BRDA:330,20,1,4
BRDA:339,21,0,2
BRDA:339,21,1,1
BRDA:345,22,0,5
BRDA:345,22,1,4
BRDA:348,23,0,7
BRDA:348,23,1,3
BRDA:367,24,0,0
BRDA:367,24,1,0
BRDA:376,25,0,0
BRDA:376,25,1,5
BRDA:393,26,0,1
BRDA:393,26,1,1
BRDA:412,27,0,1
BRDA:412,27,1,0
BRDA:467,28,0,0
BRDA:467,28,1,3
BRDA:467,29,0,3
BRDA:467,29,1,3
BRDA:469,30,0,0
BRDA:469,30,1,0
BRDA:470,31,0,0
BRDA:470,31,1,0
BRDA:488,32,0,0
BRDA:488,32,1,0
BRDA:493,33,0,0
BRDA:493,33,1,0
BRDA:504,34,0,0
BRDA:504,34,1,1
BRDA:558,35,0,2
BRDA:558,35,1,0
BRDA:560,36,0,1
BRDA:560,36,1,1
BRDA:562,37,0,1
BRDA:562,37,1,9
BRDA:562,38,0,10
BRDA:562,38,1,9
BRDA:564,39,0,1
BRDA:564,39,1,9
BRDA:578,40,0,0
BRDA:578,40,1,10
BRDA:578,41,0,10
BRDA:578,41,1,0
BRDA:589,42,0,1
BRDA:589,42,1,1
BRDA:595,43,0,32
BRDA:595,43,1,0
BRDA:610,44,0,1
BRDA:610,44,1,1
BRDA:631,45,0,1
BRDA:631,45,1,1
BRDA:637,46,0,0
BRDA:637,46,1,0
BRDA:653,47,0,0
BRDA:653,47,1,0
BRDA:668,48,0,2
BRDA:668,48,1,0
BRDA:669,49,0,2
BRDA:669,49,1,0
BRDA:673,50,0,0
BRDA:673,50,1,0
BRDA:681,51,0,2
BRDA:681,51,1,0
BRDA:690,52,0,2
BRDA:690,52,1,2
BRDA:691,53,0,1
BRDA:691,53,1,1
BRDA:701,54,0,1
BRDA:701,54,1,1
BRDA:753,55,0,1
BRDA:753,55,1,13
BRDA:759,56,0,1
BRDA:759,56,1,1
BRDA:764,57,0,0
BRDA:764,57,1,1
BRDA:780,58,0,1
BRDA:780,58,1,1
BRDA:785,59,0,0
BRDA:785,59,1,1
BRDA:842,60,0,0
BRDA:842,60,1,0
BRDA:843,61,0,0
BRDA:843,61,1,0
BRDA:845,62,0,0
BRDA:845,62,1,0
BRDA:864,63,0,0
BRDA:864,63,1,0
BRDA:879,64,0,2
BRDA:879,64,1,2
BRDA:881,65,0,1
BRDA:881,65,1,1
BRDA:881,66,0,2
BRDA:881,66,1,1
BRDA:888,67,0,0
BRDA:888,67,1,0
BRDA:901,68,0,2
BRDA:901,68,1,1
BRDA:905,69,0,4
BRDA:905,69,1,0
BRDA:906,70,0,1
BRDA:906,70,1,3
BRDA:906,71,0,4
BRDA:906,71,1,3
BRDA:914,72,0,0
BRDA:914,72,1,2
BRDA:914,73,0,2
BRDA:914,73,1,1
BRDA:919,74,0,0
BRDA:919,74,1,2
BRDA:919,75,0,2
BRDA:919,75,1,0
BRDA:925,76,0,0
BRDA:925,76,1,0
BRDA:932,77,0,1
BRDA:932,77,1,1
BRDA:932,78,0,2
BRDA:932,78,1,2
BRDA:940,79,0,1
BRDA:940,79,1,1
BRDA:940,80,0,2
BRDA:940,80,1,1
BRDA:944,81,0,0
BRDA:944,81,1,1
BRDA:944,82,0,1
BRDA:944,82,1,0
BRDA:950,83,0,0
BRDA:950,83,1,0
BRDA:961,84,0,5
BRDA:961,84,1,1
BRDA:961,85,0,6
BRDA:961,85,1,5
BRDA:966,86,0,1
BRDA:966,86,1,5
BRDA:966,87,0,6
BRDA:966,87,1,1
BRDA:976,88,0,2
BRDA:976,88,1,4
BRDA:981,89,0,3
BRDA:981,89,1,1
BRDA:982,90,0,0
BRDA:982,90,1,3
BRDA:990,91,0,4
BRDA:990,91,1,0
BRDA:998,92,0,1
BRDA:998,92,1,3
BRDA:1028,93,0,0
BRDA:1028,93,1,2
BRDA:1028,94,0,2
BRDA:1028,94,1,2
BRDA:1065,95,0,10
BRDA:1065,95,1,0
BRDA:1067,96,0,7
BRDA:1067,96,1,17
BRDA:1080,97,0,1
BRDA:1080,97,1,1
BRDA:1080,98,0,2
BRDA:1080,98,1,1
BRDA:1081,99,0,1
BRDA:1081,99,1,0
BRDA:1083,100,0,1
BRDA:1083,100,1,3
BRDA:1092,101,0,2
BRDA:1092,101,1,2
BRDA:1114,102,0,16
BRDA:1114,102,1,0
BRDA:1127,103,0,1
BRDA:1127,103,1,1
BRDA:1127,103,2,0
BRDA:1127,103,3,1
BRDA:1152,104,0,1
BRDA:1152,104,1,2
BRDA:1161,105,0,1
BRDA:1161,105,1,1
BRDA:1161,105,2,1
BRDA:1162,106,0,1
BRDA:1162,106,1,0
BRDA:1162,107,0,1
BRDA:1162,107,1,1
BRDA:1164,108,0,1
BRDA:1164,108,1,0
BRDA:1171,109,0,1
BRDA:1171,109,1,0
BRDA:1171,110,0,1
BRDA:1171,110,1,1
BRDA:1178,111,0,1
BRDA:1178,111,1,1
BRDA:1192,112,0,4
BRDA:1192,112,1,0
BRDA:1230,113,0,1
BRDA:1230,113,1,1
BRDA:1238,114,0,1
BRDA:1238,114,1,1
BRDA:1270,115,0,1
BRDA:1270,115,1,1
BRDA:1274,116,0,1
BRDA:1274,116,1,1
BRDA:1276,117,0,1
BRDA:1276,117,1,1
BRDA:1286,118,0,0
BRDA:1286,118,1,0
BRDA:1290,119,0,0
BRDA:1290,119,1,0
BRDA:1291,120,0,0
BRDA:1291,120,1,0
BRDA:1291,121,0,0
BRDA:1291,121,1,0
BRDA:1295,122,0,0
BRDA:1295,122,1,0
BRDA:1339,123,0,1
BRDA:1339,123,1,1
BRDA:1342,124,0,0
BRDA:1342,124,1,1
BRDA:1349,125,0,6
BRDA:1349,125,1,0
BRDA:1352,126,0,5
BRDA:1352,126,1,1
BRDA:1353,127,0,5
BRDA:1353,127,1,0
BRDA:1357,128,0,1
BRDA:1357,128,1,0
BRDA:1359,129,0,3
BRDA:1359,129,1,2
BRDA:1359,129,2,2
BRDA:1385,130,0,1
BRDA:1385,130,1,3
BRDA:1395,131,0,1
BRDA:1395,131,1,3
BRDA:1395,132,0,4
BRDA:1395,132,1,3
BRDA:1419,133,0,0
BRDA:1419,133,1,0
BRDA:1424,134,0,1
BRDA:1424,134,1,2
BRDA:1429,135,0,5
BRDA:1429,135,1,0
BRF:278
BRH:188
end_of_record
TN:
SF:/home/ritesh/development/UserManagementServer/ui/src/app/admin/endcustomer/global.ts
FNF:0
FNH:0
DA:1,1
DA:35,1
DA:82,1
DA:101,1
DA:103,1
DA:107,1
DA:115,1
DA:120,1
DA:147,1
DA:170,1
DA:176,1
DA:187,1
DA:214,1
DA:216,1
LF:14
LH:14
BRF:0
BRH:0
end_of_record
TN:
SF:/home/ritesh/development/UserManagementServer/ui/src/app/admin/role/global.ts
FNF:0
FNH:0
DA:4,1
DA:18,1
DA:26,1
DA:40,1
DA:47,1
DA:64,1
DA:66,1
DA:68,1
DA:71,1
DA:73,1
DA:75,1
DA:77,1
DA:82,1
DA:84,1
DA:119,1
DA:124,1
DA:129,1
DA:135,1
DA:158,1
DA:164,1
DA:166,1
DA:179,1
DA:183,1
LF:23
LH:23
BRF:0
BRH:0
end_of_record
TN:
SF:/home/ritesh/development/UserManagementServer/ui/src/app/admin/role/role.component.ts
FN:18,(anonymous_0)
FN:95,(anonymous_1)
FN:102,(anonymous_2)
FN:112,(anonymous_3)
FN:120,(anonymous_4)
FN:135,(anonymous_5)
FN:151,(anonymous_6)
FN:152,(anonymous_7)
FN:160,(anonymous_8)
FN:171,(anonymous_9)
FN:178,(anonymous_10)
FN:185,(anonymous_11)
FN:194,(anonymous_12)
FN:195,(anonymous_13)
FN:203,(anonymous_14)
FN:204,(anonymous_15)
FN:206,(anonymous_16)
FN:216,(anonymous_17)
FN:226,(anonymous_18)
FN:238,(anonymous_19)
FN:251,(anonymous_20)
FN:253,(anonymous_21)
FN:261,(anonymous_22)
FN:284,(anonymous_23)
FN:301,(anonymous_24)
FN:303,(anonymous_25)
FN:312,(anonymous_26)
FN:313,(anonymous_27)
FN:330,(anonymous_28)
FN:343,(anonymous_29)
FN:344,(anonymous_30)
FN:346,(anonymous_31)
FN:359,(anonymous_32)
FN:368,(anonymous_33)
FN:378,(anonymous_34)
FN:387,(anonymous_35)
FN:388,(anonymous_36)
FN:412,(anonymous_37)
FN:426,(anonymous_38)
FN:437,(anonymous_39)
FN:445,(anonymous_40)
FN:450,(anonymous_41)
FN:458,(anonymous_42)
FN:462,(anonymous_43)
FN:474,(anonymous_44)
FN:491,(anonymous_45)
FN:494,(anonymous_46)
FN:503,(anonymous_47)
FN:508,(anonymous_48)
FN:523,(anonymous_49)
FN:533,(anonymous_50)
FN:552,(anonymous_51)
FN:557,(anonymous_52)
FN:558,(anonymous_53)
FN:566,(anonymous_54)
FN:567,(anonymous_55)
FN:572,(anonymous_56)
FN:643,(anonymous_57)
FN:643,(anonymous_58)
FN:715,(anonymous_59)
FN:758,(anonymous_60)
FN:758,(anonymous_61)
FN:780,(anonymous_62)
FN:786,(anonymous_63)
FN:786,(anonymous_64)
FN:812,(anonymous_65)
FN:828,(anonymous_66)
FN:831,(anonymous_67)
FN:841,(anonymous_68)
FN:844,(anonymous_69)
FN:846,(anonymous_70)
FN:847,(anonymous_71)
FN:848,(anonymous_72)
FN:854,(anonymous_73)
FN:855,(anonymous_74)
FN:856,(anonymous_75)
FN:860,(anonymous_76)
FN:861,(anonymous_77)
FN:867,(anonymous_78)
FN:872,(anonymous_79)
FN:873,(anonymous_80)
FN:879,(anonymous_81)
FN:883,(anonymous_82)
FN:894,(anonymous_83)
FN:905,(anonymous_84)
FN:922,(anonymous_85)
FN:943,(anonymous_86)
FN:945,(anonymous_87)
FN:983,(anonymous_88)
FN:984,(anonymous_89)
FN:989,(anonymous_90)
FN:1040,(anonymous_91)
FN:1041,(anonymous_92)
FN:1044,(anonymous_93)
FN:1051,(anonymous_94)
FN:1066,(anonymous_95)
FN:1072,(anonymous_96)
FN:1084,(anonymous_97)
FN:1092,(anonymous_98)
FN:1114,(anonymous_99)
FN:1117,(anonymous_100)
FN:1120,(anonymous_101)
FN:1129,(anonymous_102)
FN:1149,(anonymous_103)
FN:1153,(anonymous_104)
FN:1163,(anonymous_105)
FN:1163,(anonymous_106)
FN:1167,(anonymous_107)
FN:1175,(anonymous_108)
FN:1187,(anonymous_109)
FN:1199,(anonymous_110)
FN:1201,(anonymous_111)
FN:1215,(anonymous_112)
FN:1217,(anonymous_113)
FN:1243,(anonymous_114)
FN:1244,(anonymous_115)
FN:1260,(anonymous_116)
FN:1271,(anonymous_117)
FN:1277,(anonymous_118)
FN:1304,(anonymous_119)
FN:1331,(anonymous_120)
FN:1334,(anonymous_121)
FN:1345,(anonymous_122)
FNF:123
FNH:93
FNDA:113,(anonymous_0)
FNDA:69,(anonymous_1)
FNDA:70,(anonymous_2)
FNDA:73,(anonymous_3)
FNDA:1,(anonymous_4)
FNDA:29,(anonymous_5)
FNDA:19,(anonymous_6)
FNDA:38,(anonymous_7)
FNDA:418,(anonymous_8)
FNDA:1,(anonymous_9)
FNDA:1,(anonymous_10)
FNDA:1,(anonymous_11)
FNDA:1,(anonymous_12)
FNDA:29,(anonymous_13)
FNDA:0,(anonymous_14)
FNDA:0,(anonymous_15)
FNDA:1,(anonymous_16)
FNDA:2,(anonymous_17)
FNDA:18,(anonymous_18)
FNDA:1,(anonymous_19)
FNDA:72,(anonymous_20)
FNDA:2,(anonymous_21)
FNDA:1,(anonymous_22)
FNDA:3,(anonymous_23)
FNDA:48,(anonymous_24)
FNDA:11,(anonymous_25)
FNDA:0,(anonymous_26)
FNDA:3,(anonymous_27)
FNDA:1,(anonymous_28)
FNDA:0,(anonymous_29)
FNDA:0,(anonymous_30)
FNDA:1,(anonymous_31)
FNDA:1,(anonymous_32)
FNDA:4,(anonymous_33)
FNDA:1,(anonymous_34)
FNDA:7,(anonymous_35)
FNDA:70,(anonymous_36)
FNDA:101,(anonymous_37)
FNDA:24,(anonymous_38)
FNDA:23,(anonymous_39)
FNDA:35,(anonymous_40)
FNDA:11,(anonymous_41)
FNDA:15,(anonymous_42)
FNDA:29,(anonymous_43)
FNDA:2,(anonymous_44)
FNDA:1,(anonymous_45)
FNDA:2,(anonymous_46)
FNDA:1,(anonymous_47)
FNDA:13,(anonymous_48)
FNDA:26,(anonymous_49)
FNDA:4,(anonymous_50)
FNDA:0,(anonymous_51)
FNDA:3,(anonymous_52)
FNDA:15,(anonymous_53)
FNDA:0,(anonymous_54)
FNDA:0,(anonymous_55)
FNDA:4,(anonymous_56)
FNDA:10,(anonymous_57)
FNDA:4,(anonymous_58)
FNDA:4,(anonymous_59)
FNDA:20,(anonymous_60)
FNDA:5,(anonymous_61)
FNDA:2,(anonymous_62)
FNDA:0,(anonymous_63)
FNDA:0,(anonymous_64)
FNDA:2,(anonymous_65)
FNDA:2,(anonymous_66)
FNDA:0,(anonymous_67)
FNDA:1,(anonymous_68)
FNDA:1,(anonymous_69)
FNDA:2,(anonymous_70)
FNDA:3,(anonymous_71)
FNDA:4,(anonymous_72)
FNDA:2,(anonymous_73)
FNDA:3,(anonymous_74)
FNDA:4,(anonymous_75)
FNDA:3,(anonymous_76)
FNDA:4,(anonymous_77)
FNDA:4,(anonymous_78)
FNDA:5,(anonymous_79)
FNDA:6,(anonymous_80)
FNDA:15,(anonymous_81)
FNDA:2,(anonymous_82)
FNDA:6,(anonymous_83)
FNDA:12,(anonymous_84)
FNDA:15,(anonymous_85)
FNDA:12,(anonymous_86)
FNDA:22,(anonymous_87)
FNDA:1,(anonymous_88)
FNDA:10,(anonymous_89)
FNDA:4,(anonymous_90)
FNDA:0,(anonymous_91)
FNDA:1,(anonymous_92)
FNDA:0,(anonymous_93)
FNDA:0,(anonymous_94)
FNDA:0,(anonymous_95)
FNDA:0,(anonymous_96)
FNDA:0,(anonymous_97)
FNDA:0,(anonymous_98)
FNDA:3,(anonymous_99)
FNDA:1,(anonymous_100)
FNDA:0,(anonymous_101)
FNDA:0,(anonymous_102)
FNDA:1,(anonymous_103)
FNDA:0,(anonymous_104)
FNDA:1,(anonymous_105)
FNDA:0,(anonymous_106)
FNDA:2,(anonymous_107)
FNDA:2,(anonymous_108)
FNDA:0,(anonymous_109)
FNDA:0,(anonymous_110)
FNDA:0,(anonymous_111)
FNDA:0,(anonymous_112)
FNDA:0,(anonymous_113)
FNDA:0,(anonymous_114)
FNDA:0,(anonymous_115)
FNDA:2,(anonymous_116)
FNDA:26,(anonymous_117)
FNDA:4,(anonymous_118)
FNDA:2,(anonymous_119)
FNDA:3,(anonymous_120)
FNDA:0,(anonymous_121)
FNDA:113,(anonymous_122)
DA:18,113
DA:29,1
DA:31,69
DA:33,69
DA:34,69
DA:35,69
DA:36,69
DA:39,69
DA:40,69
DA:44,69
DA:46,69
DA:48,69
DA:49,69
DA:50,69
DA:51,69
DA:54,69
DA:55,69
DA:58,69
DA:59,69
DA:60,69
DA:62,69
DA:64,69
DA:65,69
DA:67,69
DA:68,69
DA:69,69
DA:70,69
DA:71,69
DA:72,69
DA:73,69
DA:74,69
DA:75,69
DA:76,69
DA:81,69
DA:82,69
DA:85,69
DA:86,69
DA:87,69
DA:88,69
DA:90,69
DA:91,69
DA:92,1
DA:93,69
DA:95,69
DA:96,69
DA:97,69
DA:103,70
DA:104,70
DA:105,70
DA:106,70
DA:107,70
DA:109,70
DA:110,70
DA:113,73
DA:114,0
DA:115,0
DA:117,73
DA:118,73
DA:119,73
DA:120,72
DA:121,1
DA:122,1
DA:123,1
DA:124,1
DA:125,1
DA:126,1
DA:127,1
DA:128,1
DA:129,1
DA:130,1
DA:131,0
DA:134,1
DA:135,1
DA:136,29
DA:137,29
DA:139,1
DA:140,1
DA:141,1
DA:142,1
DA:143,1
DA:144,1
DA:145,1
DA:146,1
DA:147,1
DA:152,19
DA:153,38
DA:154,38
DA:155,38
DA:156,38
DA:157,38
DA:158,38
DA:159,38
DA:160,418
DA:161,38
DA:162,380
DA:163,81
DA:165,299
DA:168,38
DA:172,1
DA:173,3
DA:175,1
DA:179,1
DA:180,1
DA:181,2
DA:186,1
DA:187,2
DA:188,1
DA:190,1
DA:195,1
DA:196,29
DA:197,29
DA:199,0
DA:204,0
DA:208,1
DA:209,1
DA:210,1
DA:211,2
DA:212,2
DA:213,2
DA:216,1
DA:217,2
DA:218,2
DA:219,2
DA:222,1
DA:223,1
DA:224,2
DA:226,1
DA:227,18
DA:229,1
DA:230,1
DA:231,11
DA:232,11
DA:233,11
DA:234,11
DA:239,1
DA:240,4
DA:241,15
DA:243,4
DA:244,4
DA:246,1
DA:247,1
DA:248,1
DA:249,1
DA:252,72
DA:253,72
DA:254,2
DA:255,1
DA:257,2
DA:262,1
DA:263,1
DA:264,5
DA:265,5
DA:266,5
DA:267,5
DA:268,5
DA:269,5
DA:270,5
DA:271,5
DA:272,5
DA:273,5
DA:274,5
DA:275,5
DA:276,5
DA:277,8
DA:279,5
DA:281,1
DA:282,1
DA:285,3
DA:286,1
DA:287,2
DA:288,1
DA:292,3
DA:293,11
DA:294,47
DA:295,2
DA:296,2
DA:298,45
DA:301,48
DA:303,11
DA:304,3
DA:305,1
DA:306,1
DA:308,2
DA:309,2
DA:312,0
DA:314,3
DA:315,3
DA:316,3
DA:317,5
DA:318,4
DA:321,3
DA:322,2
DA:324,3
DA:325,2
DA:327,3
DA:328,3
DA:331,1
DA:332,1
DA:333,1
DA:334,2
DA:335,1
DA:336,1
DA:337,1
DA:341,1
DA:344,0
DA:348,1
DA:349,1
DA:350,1
DA:351,12
DA:352,11
DA:353,11
DA:354,11
DA:361,1
DA:362,1
DA:363,12
DA:364,11
DA:369,4
DA:373,4
DA:374,0
DA:376,4
DA:377,4
DA:378,1
DA:379,1
DA:380,0
DA:384,4
DA:385,0
DA:387,4
DA:388,7
DA:389,70
DA:390,21
DA:392,49
DA:395,7
DA:396,7
DA:398,4
DA:399,0
DA:400,0
DA:401,4
DA:402,1
DA:403,1
DA:404,3
DA:405,1
DA:406,1
DA:408,4
DA:414,101
DA:415,97
DA:416,0
DA:417,0
DA:419,97
DA:422,4
DA:423,4
DA:425,16
DA:426,2
DA:427,24
DA:428,24
DA:430,24
DA:436,16
DA:437,2
DA:438,23
DA:439,23
DA:440,46
DA:441,35
DA:445,35
DA:449,16
DA:450,1
DA:451,11
DA:452,11
DA:453,110
DA:454,22
DA:458,15
DA:461,16
DA:462,1
DA:463,29
DA:464,29
DA:465,841
DA:466,87
DA:469,29
DA:473,4
DA:474,1
DA:475,2
DA:476,2
DA:477,3
DA:478,1
DA:481,2
DA:484,4
DA:485,0
DA:486,0
DA:488,4
DA:492,1
DA:495,2
DA:496,2
DA:497,4
DA:498,2
DA:501,2
DA:504,1
DA:505,1
DA:509,13
DA:510,13
DA:515,13
DA:516,13
DA:517,13
DA:518,13
DA:519,13
DA:520,13
DA:521,13
DA:522,13
DA:523,13
DA:524,26
DA:525,0
DA:527,26
DA:529,26
DA:534,4
DA:535,3
DA:537,4
DA:538,1
DA:539,2
DA:540,0
DA:542,2
DA:546,3
DA:547,4
DA:550,4
DA:553,0
DA:554,0
DA:558,3
DA:559,15
DA:560,0
DA:562,15
DA:567,0
DA:568,0
DA:573,4
DA:574,4
DA:575,4
DA:576,4
DA:577,4
DA:578,2
DA:580,4
DA:582,4
DA:583,1
DA:584,1
DA:585,1
DA:586,1
DA:588,1
DA:589,1
DA:590,0
DA:592,1
DA:593,1
DA:595,1
DA:596,0
DA:598,1
DA:599,0
DA:601,1
DA:602,1
DA:603,1
DA:604,1
DA:605,1
DA:606,10
DA:607,4
DA:611,0
DA:614,1
DA:615,1
DA:616,0
DA:618,1
DA:619,0
DA:621,1
DA:622,1
DA:624,1
DA:625,0
DA:627,1
DA:628,1
DA:629,0
DA:630,0
DA:631,0
DA:633,1
DA:634,0
DA:635,0
DA:636,0
DA:638,1
DA:639,0
DA:640,0
DA:641,0
DA:643,10
DA:644,1
DA:645,0
DA:646,0
DA:648,0
DA:650,1
DA:651,1
DA:652,0
DA:653,0
DA:656,4
DA:657,0
DA:658,0
DA:659,0
DA:660,0
DA:662,0
DA:663,0
DA:664,0
DA:666,0
DA:667,0
DA:669,0
DA:670,0
DA:672,0
DA:673,0
DA:675,0
DA:676,0
DA:677,0
DA:678,0
DA:679,0
DA:680,0
DA:684,0
DA:685,0
DA:686,0
DA:688,0
DA:689,0
DA:691,0
DA:692,0
DA:694,0
DA:695,0
DA:697,0
DA:698,0
DA:699,0
DA:700,0
DA:701,0
DA:703,0
DA:704,0
DA:705,0
DA:706,0
DA:708,0
DA:709,0
DA:710,0
DA:711,0
DA:715,4
DA:716,0
DA:718,4
DA:719,2
DA:720,2
DA:722,2
DA:723,2
DA:724,2
DA:725,0
DA:726,0
DA:727,0
DA:728,0
DA:729,0
DA:730,0
DA:731,0
DA:734,0
DA:739,2
DA:740,1
DA:741,1
DA:742,2
DA:743,2
DA:744,0
DA:745,0
DA:746,0
DA:749,0
DA:754,2
DA:755,2
DA:756,2
DA:757,2
DA:758,20
DA:759,2
DA:760,0
DA:761,0
DA:762,0
DA:764,2
DA:765,2
DA:767,2
DA:768,2
DA:769,4
DA:770,1
DA:773,2
DA:780,2
DA:781,2
DA:782,2
DA:783,1
DA:784,1
DA:785,1
DA:786,0
DA:787,0
DA:788,0
DA:790,1
DA:791,1
DA:794,2
DA:795,2
DA:796,2
DA:797,2
DA:798,2
DA:799,2
DA:800,4
DA:805,4
DA:806,4
DA:807,4
DA:808,4
DA:812,2
DA:814,2
DA:815,2
DA:817,2
DA:821,0
DA:822,0
DA:824,0
DA:829,2
DA:830,2
DA:831,0
DA:832,0
DA:835,2
DA:836,5
DA:837,1
DA:842,1
DA:844,1
DA:845,1
DA:846,2
DA:847,3
DA:848,4
DA:850,0
DA:854,2
DA:855,3
DA:856,4
DA:860,3
DA:861,4
DA:863,0
DA:867,4
DA:868,0
DA:872,5
DA:873,6
DA:880,15
DA:882,15
DA:883,2
DA:884,0
DA:885,0
DA:887,0
DA:890,2
DA:893,13
DA:894,6
DA:895,2
DA:896,1
DA:898,1
DA:901,1
DA:904,10
DA:905,12
DA:906,2
DA:907,0
DA:909,2
DA:910,1
DA:912,1
DA:916,2
DA:921,6
DA:922,15
DA:923,2
DA:924,1
DA:926,1
DA:929,1
DA:934,3
DA:935,1
DA:937,2
DA:944,12
DA:945,12
DA:946,22
DA:947,22
DA:948,2
DA:949,0
DA:952,22
DA:954,12
DA:955,12
DA:956,10
DA:957,1
DA:958,1
DA:959,10
DA:960,1
DA:962,9
DA:963,9
DA:967,9
DA:968,9
DA:969,90
DA:970,9
DA:972,81
DA:977,12
DA:978,10
DA:984,1
DA:985,10
DA:990,4
DA:991,1
DA:992,1
DA:993,1
DA:994,3
DA:995,1
DA:996,1
DA:997,1
DA:998,1
DA:1003,1
DA:1004,0
DA:1006,1
DA:1007,2
DA:1008,1
DA:1011,1
DA:1013,2
DA:1014,2
DA:1015,2
DA:1016,2
DA:1017,2
DA:1022,2
DA:1023,4
DA:1024,2
DA:1027,2
DA:1028,2
DA:1029,20
DA:1030,4
DA:1033,2
DA:1034,2
DA:1035,4
DA:1036,2
DA:1040,4
DA:1045,0
DA:1046,0
DA:1047,0
DA:1049,0
DA:1050,0
DA:1051,0
DA:1052,0
DA:1053,0
DA:1056,0
DA:1057,0
DA:1060,0
DA:1061,0
DA:1064,0
DA:1067,0
DA:1068,0
DA:1069,0
DA:1070,0
DA:1071,0
DA:1072,0
DA:1073,0
DA:1074,0
DA:1075,0
DA:1076,0
DA:1078,0
DA:1079,0
DA:1082,0
DA:1083,0
DA:1084,0
DA:1085,0
DA:1086,0
DA:1089,0
DA:1090,0
DA:1091,0
DA:1092,0
DA:1093,0
DA:1094,0
DA:1095,0
DA:1096,0
DA:1098,0
DA:1099,0
DA:1103,0
DA:1104,0
DA:1105,0
DA:1108,0
DA:1109,0
DA:1110,0
DA:1115,3
DA:1116,3
DA:1117,1
DA:1118,0
DA:1119,0
DA:1120,0
DA:1121,0
DA:1122,0
DA:1125,0
DA:1126,1
DA:1127,0
DA:1128,0
DA:1129,0
DA:1130,0
DA:1131,0
DA:1134,0
DA:1136,1
DA:1139,3
DA:1140,2
DA:1141,2
DA:1142,2
DA:1143,6
DA:1144,3
DA:1145,3
DA:1148,2
DA:1149,1
DA:1150,0
DA:1151,0
DA:1152,0
DA:1153,0
DA:1154,0
DA:1155,0
DA:1158,0
DA:1160,1
DA:1161,1
DA:1163,1
DA:1164,0
DA:1166,1
DA:1167,1
DA:1168,2
DA:1169,2
DA:1171,0
DA:1172,0
DA:1175,1
DA:1176,2
DA:1177,2
DA:1178,2
DA:1180,1
DA:1181,1
DA:1183,0
DA:1184,0
DA:1185,0
DA:1186,0
DA:1187,0
DA:1188,0
DA:1189,0
DA:1192,0
DA:1194,0
DA:1195,0
DA:1199,2
DA:1200,0
DA:1201,0
DA:1202,0
DA:1203,0
DA:1204,0
DA:1206,0
DA:1208,0
DA:1209,0
DA:1214,3
DA:1215,1
DA:1216,0
DA:1217,0
DA:1218,0
DA:1219,0
DA:1220,0
DA:1221,0
DA:1222,0
DA:1226,0
DA:1227,0
DA:1228,0
DA:1230,0
DA:1231,0
DA:1232,0
DA:1233,0
DA:1238,0
DA:1239,0
DA:1240,0
DA:1241,0
DA:1243,0
DA:1244,0
DA:1245,0
DA:1246,0
DA:1247,0
DA:1251,0
DA:1252,0
DA:1253,0
DA:1261,2
DA:1262,2
DA:1263,2
DA:1264,1
DA:1267,2
DA:1272,26
DA:1273,26
DA:1278,4
DA:1279,2
DA:1280,2
DA:1281,4
DA:1282,1
DA:1285,2
DA:1287,2
DA:1288,0
DA:1289,0
DA:1290,0
DA:1292,0
DA:1294,2
DA:1295,2
DA:1296,2
DA:1297,4
DA:1298,1
DA:1299,1
DA:1302,2
DA:1303,1
DA:1304,1
DA:1305,2
DA:1306,2
DA:1307,1
DA:1310,1
DA:1312,1
DA:1313,0
DA:1314,0
DA:1315,0
DA:1316,0
DA:1320,1
DA:1321,0
DA:1323,1
DA:1326,1
DA:1333,3
DA:1334,3
DA:1335,0
DA:1336,0
DA:1340,3
DA:1341,3
DA:1342,3
DA:1343,0
DA:1345,3
DA:1346,113
DA:1347,113
LF:804
LH:562
BRDA:18,0,0,55
BRDA:18,0,1,58
BRDA:18,1,0,58
BRDA:18,1,1,0
BRDA:113,2,0,0
BRDA:113,2,1,73
BRDA:119,3,0,72
BRDA:119,3,1,1
BRDA:119,4,0,73
BRDA:119,4,1,70
BRDA:162,5,0,81
BRDA:162,5,1,299
BRDA:187,6,0,1
BRDA:187,6,1,1
BRDA:196,7,0,29
BRDA:196,7,1,0
BRDA:196,8,0,29
BRDA:196,8,1,29
BRDA:197,9,0,29
BRDA:197,9,1,16
BRDA:232,10,0,11
BRDA:232,10,1,0
BRDA:254,11,0,1
BRDA:254,11,1,1
BRDA:254,12,0,2
BRDA:254,12,1,2
BRDA:254,12,2,1
BRDA:254,12,3,1
BRDA:254,12,4,1
BRDA:254,12,5,1
BRDA:254,12,6,1
BRDA:254,12,7,1
BRDA:285,13,0,1
BRDA:285,13,1,2
BRDA:287,14,0,1
BRDA:287,14,1,1
BRDA:294,15,0,2
BRDA:294,15,1,45
BRDA:304,16,0,1
BRDA:304,16,1,2
BRDA:317,17,0,4
BRDA:317,17,1,1
BRDA:317,18,0,5
BRDA:317,18,1,4
BRDA:321,19,0,2
BRDA:321,19,1,1
BRDA:324,20,0,2
BRDA:324,20,1,1
BRDA:324,21,0,3
BRDA:324,21,1,2
BRDA:334,22,0,1
BRDA:334,22,1,1
BRDA:336,23,0,1
BRDA:336,23,1,0
BRDA:351,24,0,11
BRDA:351,24,1,1
BRDA:353,25,0,11
BRDA:353,25,1,0
BRDA:363,26,0,11
BRDA:363,26,1,1
BRDA:373,27,0,0
BRDA:373,27,1,4
BRDA:373,28,0,4
BRDA:373,28,1,0
BRDA:377,29,0,1
BRDA:377,29,1,3
BRDA:379,30,0,0
BRDA:379,30,1,1
BRDA:384,31,0,0
BRDA:384,31,1,4
BRDA:389,32,0,21
BRDA:389,32,1,49
BRDA:398,33,0,0
BRDA:398,33,1,4
BRDA:398,34,0,4
BRDA:398,34,1,4
BRDA:398,34,2,2
BRDA:398,34,3,2
BRDA:401,35,0,1
BRDA:401,35,1,3
BRDA:401,36,0,4
BRDA:401,36,1,4
BRDA:401,36,2,2
BRDA:404,37,0,1
BRDA:404,37,1,2
BRDA:404,38,0,3
BRDA:404,38,1,3
BRDA:404,38,2,1
BRDA:414,39,0,97
BRDA:414,39,1,4
BRDA:414,40,0,101
BRDA:414,40,1,100
BRDA:415,41,0,0
BRDA:415,41,1,97
BRDA:425,42,0,2
BRDA:425,42,1,14
BRDA:425,43,0,16
BRDA:425,43,1,4
BRDA:428,44,0,24
BRDA:428,44,1,0
BRDA:436,45,0,2
BRDA:436,45,1,14
BRDA:436,46,0,16
BRDA:436,46,1,4
BRDA:440,47,0,35
BRDA:440,47,1,11
BRDA:449,48,0,1
BRDA:449,48,1,15
BRDA:449,49,0,16
BRDA:449,49,1,4
BRDA:453,50,0,22
BRDA:453,50,1,88
BRDA:461,51,0,1
BRDA:461,51,1,15
BRDA:461,52,0,16
BRDA:461,52,1,4
BRDA:465,53,0,87
BRDA:465,53,1,754
BRDA:473,54,0,1
BRDA:473,54,1,3
BRDA:477,55,0,1
BRDA:477,55,1,2
BRDA:477,56,0,3
BRDA:477,56,1,3
BRDA:477,56,2,2
BRDA:477,56,3,2
BRDA:484,57,0,0
BRDA:484,57,1,4
BRDA:497,58,0,2
BRDA:497,58,1,2
BRDA:505,59,0,0
BRDA:505,59,1,1
BRDA:524,60,0,0
BRDA:524,60,1,26
BRDA:524,61,0,26
BRDA:524,61,1,13
BRDA:534,62,0,3
BRDA:534,62,1,1
BRDA:537,63,0,1
BRDA:537,63,1,3
BRDA:539,64,0,0
BRDA:539,64,1,2
BRDA:553,65,0,0
BRDA:553,65,1,0
BRDA:559,66,0,0
BRDA:559,66,1,15
BRDA:582,67,0,1
BRDA:582,67,1,3
BRDA:589,68,0,0
BRDA:589,68,1,1
BRDA:589,69,0,1
BRDA:589,69,1,0
BRDA:589,69,2,0
BRDA:589,69,3,0
BRDA:592,70,0,1
BRDA:592,70,1,0
BRDA:592,71,0,1
BRDA:592,71,1,1
BRDA:592,71,2,1
BRDA:592,71,3,1
BRDA:595,72,0,0
BRDA:595,72,1,1
BRDA:595,73,0,1
BRDA:595,73,1,1
BRDA:595,73,2,0
BRDA:598,74,0,0
BRDA:598,74,1,1
BRDA:598,75,0,1
BRDA:598,75,1,1
BRDA:598,75,2,0
BRDA:604,76,0,1
BRDA:604,76,1,0
BRDA:606,77,0,4
BRDA:606,77,1,6
BRDA:615,78,0,0
BRDA:615,78,1,1
BRDA:615,79,0,1
BRDA:615,79,1,0
BRDA:615,79,2,0
BRDA:615,79,3,0
BRDA:618,80,0,0
BRDA:618,80,1,1
BRDA:618,81,0,1
BRDA:618,81,1,1
BRDA:618,81,2,1
BRDA:618,81,3,0
BRDA:621,82,0,1
BRDA:621,82,1,0
BRDA:621,83,0,1
BRDA:621,83,1,1
BRDA:621,83,2,1
BRDA:624,84,0,0
BRDA:624,84,1,1
BRDA:624,85,0,1
BRDA:624,85,1,1
BRDA:624,85,2,1
BRDA:628,86,0,0
BRDA:628,86,1,1
BRDA:628,87,0,1
BRDA:628,87,1,0
BRDA:628,87,2,0
BRDA:633,88,0,0
BRDA:633,88,1,1
BRDA:633,89,0,1
BRDA:633,89,1,1
BRDA:633,89,2,1
BRDA:638,90,0,0
BRDA:638,90,1,1
BRDA:638,91,0,1
BRDA:638,91,1,0
BRDA:638,91,2,0
BRDA:644,92,0,0
BRDA:644,92,1,1
BRDA:644,93,0,1
BRDA:644,93,1,1
BRDA:644,93,2,0
BRDA:645,94,0,0
BRDA:645,94,1,0
BRDA:650,95,0,1
BRDA:650,95,1,0
BRDA:650,96,0,1
BRDA:650,96,1,1
BRDA:650,96,2,1
BRDA:652,97,0,0
BRDA:652,97,1,0
BRDA:652,98,0,0
BRDA:652,98,1,0
BRDA:652,98,2,0
BRDA:656,99,0,0
BRDA:656,99,1,4
BRDA:663,100,0,0
BRDA:663,100,1,0
BRDA:663,101,0,0
BRDA:663,101,1,0
BRDA:663,101,2,0
BRDA:663,101,3,0
BRDA:666,102,0,0
BRDA:666,102,1,0
BRDA:666,103,0,0
BRDA:666,103,1,0
BRDA:666,103,2,0
BRDA:666,103,3,0
BRDA:669,104,0,0
BRDA:669,104,1,0
BRDA:669,105,0,0
BRDA:669,105,1,0
BRDA:669,105,2,0
BRDA:672,106,0,0
BRDA:672,106,1,0
BRDA:672,107,0,0
BRDA:672,107,1,0
BRDA:672,107,2,0
BRDA:679,108,0,0
BRDA:679,108,1,0
BRDA:685,109,0,0
BRDA:685,109,1,0
BRDA:685,110,0,0
BRDA:685,110,1,0
BRDA:685,110,2,0
BRDA:685,110,3,0
BRDA:688,111,0,0
BRDA:688,111,1,0
BRDA:688,112,0,0
BRDA:688,112,1,0
BRDA:688,112,2,0
BRDA:688,112,3,0
BRDA:691,113,0,0
BRDA:691,113,1,0
BRDA:691,114,0,0
BRDA:691,114,1,0
BRDA:691,114,2,0
BRDA:694,115,0,0
BRDA:694,115,1,0
BRDA:694,116,0,0
BRDA:694,116,1,0
BRDA:694,116,2,0
BRDA:698,117,0,0
BRDA:698,117,1,0
BRDA:698,118,0,0
BRDA:698,118,1,0
BRDA:698,118,2,0
BRDA:698,118,3,0
BRDA:698,118,4,0
BRDA:698,118,5,0
BRDA:703,119,0,0
BRDA:703,119,1,0
BRDA:703,120,0,0
BRDA:703,120,1,0
BRDA:703,120,2,0
BRDA:703,120,3,0
BRDA:703,120,4,0
BRDA:708,121,0,0
BRDA:708,121,1,0
BRDA:708,122,0,0
BRDA:708,122,1,0
BRDA:708,122,2,0
BRDA:708,122,3,0
BRDA:715,123,0,0
BRDA:715,123,1,4
BRDA:715,124,0,4
BRDA:715,124,1,0
BRDA:715,124,2,0
BRDA:718,125,0,2
BRDA:718,125,1,2
BRDA:724,126,0,0
BRDA:724,126,1,2
BRDA:728,127,0,0
BRDA:728,127,1,0
BRDA:730,128,0,0
BRDA:730,128,1,0
BRDA:739,129,0,1
BRDA:739,129,1,1
BRDA:743,130,0,0
BRDA:743,130,1,2
BRDA:743,131,0,2
BRDA:743,131,1,1
BRDA:745,132,0,0
BRDA:745,132,1,0
BRDA:759,133,0,0
BRDA:759,133,1,2
BRDA:759,134,0,2
BRDA:759,134,1,1
BRDA:769,135,0,1
BRDA:769,135,1,3
BRDA:774,136,0,0
BRDA:774,136,1,2
BRDA:774,137,0,1
BRDA:774,137,1,1
BRDA:782,138,0,1
BRDA:782,138,1,1
BRDA:785,139,0,0
BRDA:785,139,1,1
BRDA:794,140,0,2
BRDA:794,140,1,0
BRDA:806,141,0,1
BRDA:806,141,1,3
BRDA:830,142,0,0
BRDA:830,142,1,2
BRDA:836,143,0,1
BRDA:836,143,1,4
BRDA:843,144,0,1
BRDA:843,144,1,1
BRDA:843,144,2,1
BRDA:843,144,3,1
BRDA:843,144,4,1
BRDA:844,145,0,1
BRDA:844,145,1,0
BRDA:854,146,0,1
BRDA:854,146,1,0
BRDA:860,147,0,1
BRDA:860,147,1,0
BRDA:867,148,0,0
BRDA:867,148,1,1
BRDA:872,149,0,1
BRDA:872,149,1,0
BRDA:881,150,0,15
BRDA:881,150,1,6
BRDA:881,150,2,3
BRDA:882,151,0,2
BRDA:882,151,1,13
BRDA:883,152,0,0
BRDA:883,152,1,2
BRDA:884,153,0,0
BRDA:884,153,1,0
BRDA:893,154,0,3
BRDA:893,154,1,10
BRDA:894,155,0,2
BRDA:894,155,1,1
BRDA:895,156,0,1
BRDA:895,156,1,1
BRDA:904,157,0,4
BRDA:904,157,1,6
BRDA:905,158,0,2
BRDA:905,158,1,2
BRDA:906,159,0,0
BRDA:906,159,1,2
BRDA:909,160,0,1
BRDA:909,160,1,1
BRDA:921,161,0,3
BRDA:921,161,1,3
BRDA:922,162,0,2
BRDA:922,162,1,1
BRDA:923,163,0,1
BRDA:923,163,1,1
BRDA:934,164,0,1
BRDA:934,164,1,2
BRDA:947,165,0,2
BRDA:947,165,1,20
BRDA:948,166,0,0
BRDA:948,166,1,2
BRDA:956,167,0,1
BRDA:956,167,1,9
BRDA:959,168,0,1
BRDA:959,168,1,9
BRDA:969,169,0,9
BRDA:969,169,1,81
BRDA:977,170,0,10
BRDA:977,170,1,2
BRDA:990,171,0,1
BRDA:990,171,1,3
BRDA:994,172,0,1
BRDA:994,172,1,2
BRDA:1003,173,0,0
BRDA:1003,173,1,1
BRDA:1007,174,0,1
BRDA:1007,174,1,1
BRDA:1023,175,0,2
BRDA:1023,175,1,2
BRDA:1029,176,0,4
BRDA:1029,176,1,16
BRDA:1035,177,0,2
BRDA:1035,177,1,2
BRDA:1046,178,0,0
BRDA:1046,178,1,0
BRDA:1049,179,0,0
BRDA:1049,179,1,0
BRDA:1052,180,0,0
BRDA:1052,180,1,0
BRDA:1056,181,0,0
BRDA:1056,181,1,0
BRDA:1056,182,0,0
BRDA:1056,182,1,0
BRDA:1060,183,0,0
BRDA:1060,183,1,0
BRDA:1069,184,0,0
BRDA:1069,184,1,0
BRDA:1069,185,0,0
BRDA:1069,185,1,0
BRDA:1069,185,2,0
BRDA:1073,186,0,0
BRDA:1073,186,1,0
BRDA:1082,187,0,0
BRDA:1082,187,1,0
BRDA:1085,188,0,0
BRDA:1085,188,1,0
BRDA:1089,189,0,0
BRDA:1089,189,1,0
BRDA:1093,190,0,0
BRDA:1093,190,1,0
BRDA:1116,191,0,1
BRDA:1116,191,1,2
BRDA:1117,192,0,0
BRDA:1117,192,1,1
BRDA:1117,193,0,1
BRDA:1117,193,1,0
BRDA:1121,194,0,0
BRDA:1121,194,1,0
BRDA:1126,195,0,0
BRDA:1126,195,1,1
BRDA:1130,196,0,0
BRDA:1130,196,1,0
BRDA:1139,197,0,2
BRDA:1139,197,1,1
BRDA:1143,198,0,3
BRDA:1143,198,1,3
BRDA:1148,199,0,1
BRDA:1148,199,1,1
BRDA:1149,200,0,0
BRDA:1149,200,1,1
BRDA:1154,201,0,0
BRDA:1154,201,1,0
BRDA:1161,202,0,1
BRDA:1161,202,1,0
BRDA:1168,203,0,2
BRDA:1168,203,1,0
BRDA:1180,204,0,1
BRDA:1180,204,1,0
BRDA:1183,205,0,0
BRDA:1183,205,1,0
BRDA:1188,206,0,0
BRDA:1188,206,1,0
BRDA:1200,207,0,0
BRDA:1200,207,1,0
BRDA:1203,208,0,0
BRDA:1203,208,1,0
BRDA:1214,209,0,1
BRDA:1214,209,1,2
BRDA:1216,210,0,0
BRDA:1216,210,1,0
BRDA:1218,211,0,0
BRDA:1218,211,1,0
BRDA:1263,212,0,1
BRDA:1263,212,1,1
BRDA:1278,213,0,2
BRDA:1278,213,1,2
BRDA:1281,214,0,1
BRDA:1281,214,1,3
BRDA:1287,215,0,0
BRDA:1287,215,1,2
BRDA:1289,216,0,0
BRDA:1289,216,1,0
BRDA:1289,217,0,0
BRDA:1289,217,1,0
BRDA:1294,218,0,2
BRDA:1294,218,1,0
BRDA:1297,219,0,1
BRDA:1297,219,1,3
BRDA:1302,220,0,1
BRDA:1302,220,1,1
BRDA:1302,221,0,2
BRDA:1302,221,1,1
BRDA:1306,222,0,1
BRDA:1306,222,1,1
BRDA:1312,223,0,0
BRDA:1312,223,1,1
BRDA:1314,224,0,0
BRDA:1314,224,1,0
BRDA:1320,225,0,0
BRDA:1320,225,1,1
BRDA:1333,226,0,3
BRDA:1333,226,1,0
BRDA:1335,227,0,0
BRDA:1335,227,1,0
BRDA:1342,228,0,0
BRDA:1342,228,1,3
BRDA:1347,229,0,113
BRDA:1347,229,1,0
BRF:517
BRH:300
end_of_record
TN:
SF:/home/ritesh/development/UserManagementServer/ui/src/app/admin/user/global.ts
FNF:0
FNH:0
DA:2,1
DA:20,1
DA:21,1
DA:22,1
DA:23,1
DA:24,1
DA:25,1
DA:26,1
DA:27,1
DA:28,1
DA:29,1
DA:30,1
DA:80,1
DA:98,1
DA:178,1
DA:195,1
DA:206,1
DA:208,1
DA:213,1
LF:19
LH:19
BRF:0
BRH:0
end_of_record
TN:
SF:/home/ritesh/development/UserManagementServer/ui/src/app/admin/user/user.component.ts
FN:18,(anonymous_0)
FN:19,(anonymous_1)
FN:86,(anonymous_2)
FN:101,(anonymous_3)
FN:108,(anonymous_4)
FN:112,(anonymous_5)
FN:116,(anonymous_6)
FN:120,(anonymous_7)
FN:122,(anonymous_8)
FN:124,(anonymous_9)
FN:127,(anonymous_10)
FN:135,(anonymous_11)
FN:139,(anonymous_12)
FN:152,(anonymous_13)
FN:163,(anonymous_14)
FN:175,(anonymous_15)
FN:181,(anonymous_16)
FN:188,(anonymous_17)
FN:191,(anonymous_18)
FN:200,(anonymous_19)
FN:210,(anonymous_20)
FN:220,(anonymous_21)
FN:244,(anonymous_22)
FN:249,(anonymous_23)
FN:262,(anonymous_24)
FN:267,(anonymous_25)
FN:277,(anonymous_26)
FN:322,(anonymous_27)
FN:324,(anonymous_28)
FN:330,(anonymous_29)
FN:338,(anonymous_30)
FN:342,(anonymous_31)
FN:353,(anonymous_32)
FN:361,(anonymous_33)
FN:363,(anonymous_34)
FN:369,(anonymous_35)
FN:377,(anonymous_36)
FN:393,(anonymous_37)
FN:398,(anonymous_38)
FN:418,(anonymous_39)
FN:419,(anonymous_40)
FN:423,(anonymous_41)
FN:449,(anonymous_42)
FN:471,(anonymous_43)
FN:481,(anonymous_44)
FN:497,(anonymous_45)
FN:510,(anonymous_46)
FN:514,(anonymous_47)
FN:520,(anonymous_48)
FN:610,(anonymous_49)
FN:644,(anonymous_50)
FN:675,(anonymous_51)
FN:686,(anonymous_52)
FN:692,(anonymous_53)
FN:704,(anonymous_54)
FN:712,(anonymous_55)
FN:726,(anonymous_56)
FN:742,(anonymous_57)
FN:750,(anonymous_58)
FN:756,(anonymous_59)
FN:758,(anonymous_60)
FN:761,(anonymous_61)
FN:762,(anonymous_62)
FN:791,(anonymous_63)
FN:794,(anonymous_64)
FN:804,(anonymous_65)
FN:807,(anonymous_66)
FN:818,(anonymous_67)
FN:836,(anonymous_68)
FN:837,(anonymous_69)
FN:840,(anonymous_70)
FN:854,(anonymous_71)
FN:858,(anonymous_72)
FN:878,(anonymous_73)
FN:883,(anonymous_74)
FN:896,(anonymous_75)
FN:905,(anonymous_76)
FN:915,(anonymous_77)
FN:919,(anonymous_78)
FN:924,(anonymous_79)
FN:941,(anonymous_80)
FN:948,(anonymous_81)
FN:976,(anonymous_82)
FN:983,(anonymous_83)
FN:986,(anonymous_84)
FN:996,(anonymous_85)
FN:1001,(anonymous_86)
FN:1010,(anonymous_87)
FN:1025,(anonymous_88)
FN:1033,(anonymous_89)
FN:1044,(anonymous_90)
FN:1045,(anonymous_91)
FN:1059,(anonymous_92)
FN:1095,(anonymous_93)
FN:1141,(anonymous_94)
FN:1142,(anonymous_95)
FN:1148,(anonymous_96)
FN:1157,(anonymous_97)
FN:1161,(anonymous_98)
FN:1169,(anonymous_99)
FN:1183,(anonymous_100)
FN:1190,(anonymous_101)
FN:1213,(anonymous_102)
FN:1216,(anonymous_103)
FN:1220,(anonymous_104)
FN:1231,(anonymous_105)
FN:1233,(anonymous_106)
FN:1238,(anonymous_107)
FN:1246,(anonymous_108)
FN:1247,(anonymous_109)
FN:1252,(anonymous_110)
FN:1259,(anonymous_111)
FN:1267,(anonymous_112)
FN:1273,(anonymous_113)
FN:1280,(anonymous_114)
FN:1287,(anonymous_115)
FN:1302,(anonymous_116)
FN:1324,(anonymous_117)
FN:1326,(anonymous_118)
FN:1331,(anonymous_119)
FN:1401,(anonymous_120)
FN:1410,(anonymous_121)
FN:1414,(anonymous_122)
FN:1422,(anonymous_123)
FN:1453,(anonymous_124)
FN:1457,(anonymous_125)
FN:1465,(anonymous_126)
FN:1477,(anonymous_127)
FNF:128
FNH:98
FNDA:2,(anonymous_0)
FNDA:0,(anonymous_1)
FNDA:69,(anonymous_2)
FNDA:70,(anonymous_3)
FNDA:0,(anonymous_4)
FNDA:0,(anonymous_5)
FNDA:0,(anonymous_6)
FNDA:70,(anonymous_7)
FNDA:1,(anonymous_8)
FNDA:0,(anonymous_9)
FNDA:0,(anonymous_10)
FNDA:5,(anonymous_11)
FNDA:1,(anonymous_12)
FNDA:64,(anonymous_13)
FNDA:2,(anonymous_14)
FNDA:2,(anonymous_15)
FNDA:4,(anonymous_16)
FNDA:3,(anonymous_17)
FNDA:0,(anonymous_18)
FNDA:2,(anonymous_19)
FNDA:0,(anonymous_20)
FNDA:5,(anonymous_21)
FNDA:0,(anonymous_22)
FNDA:0,(anonymous_23)
FNDA:0,(anonymous_24)
FNDA:0,(anonymous_25)
FNDA:1,(anonymous_26)
FNDA:10,(anonymous_27)
FNDA:20,(anonymous_28)
FNDA:0,(anonymous_29)
FNDA:11,(anonymous_30)
FNDA:0,(anonymous_31)
FNDA:3,(anonymous_32)
FNDA:2,(anonymous_33)
FNDA:3,(anonymous_34)
FNDA:1,(anonymous_35)
FNDA:1,(anonymous_36)
FNDA:2,(anonymous_37)
FNDA:1,(anonymous_38)
FNDA:1,(anonymous_39)
FNDA:2,(anonymous_40)
FNDA:1,(anonymous_41)
FNDA:71,(anonymous_42)
FNDA:69,(anonymous_43)
FNDA:70,(anonymous_44)
FNDA:4,(anonymous_45)
FNDA:4,(anonymous_46)
FNDA:8,(anonymous_47)
FNDA:8,(anonymous_48)
FNDA:1,(anonymous_49)
FNDA:0,(anonymous_50)
FNDA:1,(anonymous_51)
FNDA:1,(anonymous_52)
FNDA:1,(anonymous_53)
FNDA:1,(anonymous_54)
FNDA:1,(anonymous_55)
FNDA:1,(anonymous_56)
FNDA:1,(anonymous_57)
FNDA:1,(anonymous_58)
FNDA:0,(anonymous_59)
FNDA:0,(anonymous_60)
FNDA:0,(anonymous_61)
FNDA:0,(anonymous_62)
FNDA:0,(anonymous_63)
FNDA:0,(anonymous_64)
FNDA:2,(anonymous_65)
FNDA:0,(anonymous_66)
FNDA:2,(anonymous_67)
FNDA:0,(anonymous_68)
FNDA:0,(anonymous_69)
FNDA:1,(anonymous_70)
FNDA:0,(anonymous_71)
FNDA:2,(anonymous_72)
FNDA:13,(anonymous_73)
FNDA:1,(anonymous_74)
FNDA:2,(anonymous_75)
FNDA:5,(anonymous_76)
FNDA:5,(anonymous_77)
FNDA:1,(anonymous_78)
FNDA:3,(anonymous_79)
FNDA:1,(anonymous_80)
FNDA:1,(anonymous_81)
FNDA:0,(anonymous_82)
FNDA:32,(anonymous_83)
FNDA:86,(anonymous_84)
FNDA:3,(anonymous_85)
FNDA:2,(anonymous_86)
FNDA:24,(anonymous_87)
FNDA:6,(anonymous_88)
FNDA:3,(anonymous_89)
FNDA:24,(anonymous_90)
FNDA:48,(anonymous_91)
FNDA:3,(anonymous_92)
FNDA:22,(anonymous_93)
FNDA:2,(anonymous_94)
FNDA:16,(anonymous_95)
FNDA:46,(anonymous_96)
FNDA:6,(anonymous_97)
FNDA:4,(anonymous_98)
FNDA:1,(anonymous_99)
FNDA:3,(anonymous_100)
FNDA:8,(anonymous_101)
FNDA:139,(anonymous_102)
FNDA:2,(anonymous_103)
FNDA:8,(anonymous_104)
FNDA:138,(anonymous_105)
FNDA:414,(anonymous_106)
FNDA:0,(anonymous_107)
FNDA:2,(anonymous_108)
FNDA:6,(anonymous_109)
FNDA:2,(anonymous_110)
FNDA:1,(anonymous_111)
FNDA:2,(anonymous_112)
FNDA:1,(anonymous_113)
FNDA:1,(anonymous_114)
FNDA:0,(anonymous_115)
FNDA:4,(anonymous_116)
FNDA:4,(anonymous_117)
FNDA:6,(anonymous_118)
FNDA:4,(anonymous_119)
FNDA:2,(anonymous_120)
FNDA:1,(anonymous_121)
FNDA:1,(anonymous_122)
FNDA:1,(anonymous_123)
FNDA:1,(anonymous_124)
FNDA:0,(anonymous_125)
FNDA:0,(anonymous_126)
FNDA:1,(anonymous_127)
DA:18,2
DA:19,1
DA:26,1
DA:29,69
DA:30,69
DA:31,69
DA:32,69
DA:33,69
DA:34,69
DA:35,69
DA:36,69
DA:37,69
DA:40,69
DA:44,69
DA:45,69
DA:46,69
DA:47,69
DA:48,69
DA:58,69
DA:59,69
DA:60,69
DA:61,69
DA:62,69
DA:63,69
DA:64,69
DA:65,69
DA:67,69
DA:70,69
DA:71,69
DA:72,69
DA:73,69
DA:74,69
DA:75,69
DA:76,69
DA:77,69
DA:78,69
DA:79,69
DA:83,69
DA:85,1
DA:87,69
DA:88,69
DA:89,69
DA:90,69
DA:91,69
DA:94,69
DA:95,69
DA:98,69
DA:102,70
DA:103,70
DA:104,70
DA:105,70
DA:109,0
DA:113,0
DA:117,0
DA:121,70
DA:122,70
DA:123,1
DA:124,1
DA:125,0
DA:126,0
DA:127,0
DA:128,0
DA:131,1
DA:136,5
DA:137,5
DA:138,5
DA:139,5
DA:140,1
DA:141,1
DA:142,1
DA:143,1
DA:144,1
DA:145,1
DA:146,1
DA:147,1
DA:148,1
DA:153,64
DA:154,64
DA:155,64
DA:156,62
DA:157,1
DA:158,1
DA:160,62
DA:162,2
DA:163,1
DA:164,2
DA:168,2
DA:169,0
DA:170,0
DA:172,2
DA:176,2
DA:177,2
DA:178,1
DA:180,1
DA:181,1
DA:182,4
DA:185,1
DA:190,3
DA:191,3
DA:192,0
DA:193,0
DA:197,3
DA:198,1
DA:200,2
DA:201,2
DA:202,2
DA:203,2
DA:211,0
DA:212,0
DA:213,0
DA:214,0
DA:216,0
DA:221,5
DA:223,2
DA:224,2
DA:225,2
DA:226,1
DA:227,1
DA:229,2
DA:231,1
DA:232,1
DA:233,1
DA:235,1
DA:236,1
DA:237,1
DA:238,1
DA:239,1
DA:240,1
DA:242,5
DA:245,0
DA:246,0
DA:247,0
DA:248,0
DA:249,0
DA:250,0
DA:251,0
DA:252,0
DA:254,0
DA:258,0
DA:259,0
DA:263,0
DA:267,0
DA:268,0
DA:269,0
DA:270,0
DA:272,0
DA:279,1
DA:280,1
DA:282,1
DA:284,1
DA:285,29
DA:286,29
DA:287,0
DA:296,1
DA:297,1
DA:298,1
DA:299,1
DA:301,1
DA:316,1
DA:317,1
DA:318,1
DA:319,1
DA:323,10
DA:324,10
DA:325,20
DA:327,10
DA:328,10
DA:330,0
DA:331,0
DA:333,0
DA:334,0
DA:339,11
DA:340,11
DA:341,11
DA:342,0
DA:343,0
DA:346,11
DA:347,31
DA:348,7
DA:354,3
DA:362,2
DA:363,2
DA:364,3
DA:365,2
DA:368,2
DA:369,1
DA:370,1
DA:371,1
DA:378,1
DA:379,1
DA:380,1
DA:383,1
DA:384,1
DA:385,1
DA:391,0
DA:393,1
DA:394,2
DA:395,1
DA:398,1
DA:399,1
DA:401,1
DA:402,0
DA:406,1
DA:410,1
DA:411,0
DA:412,0
DA:416,1
DA:419,1
DA:420,2
DA:422,1
DA:423,1
DA:424,1
DA:425,1
DA:426,1
DA:428,1
DA:429,0
DA:430,0
DA:432,0
DA:434,1
DA:435,1
DA:436,0
DA:438,1
DA:440,0
DA:441,0
DA:442,0
DA:444,0
DA:450,71
DA:451,71
DA:466,71
DA:467,71
DA:468,71
DA:472,69
DA:476,69
DA:477,69
DA:478,69
DA:482,70
DA:490,70
DA:491,70
DA:492,70
DA:493,70
DA:494,70
DA:498,4
DA:499,8
DA:500,4
DA:501,4
DA:502,4
DA:503,4
DA:504,4
DA:511,4
DA:512,4
DA:513,4
DA:514,4
DA:515,8
DA:516,0
DA:517,0
DA:520,4
DA:521,8
DA:522,2
DA:523,2
DA:524,6
DA:526,2
DA:527,2
DA:528,2
DA:529,0
DA:530,0
DA:532,0
DA:534,0
DA:535,0
DA:537,2
DA:538,2
DA:539,0
DA:540,0
DA:542,0
DA:544,0
DA:545,0
DA:547,2
DA:548,1
DA:549,0
DA:551,1
DA:553,1
DA:554,1
DA:558,4
DA:559,0
DA:560,0
DA:561,0
DA:563,4
DA:564,0
DA:565,0
DA:566,0
DA:567,0
DA:568,0
DA:569,0
DA:570,0
DA:571,0
DA:574,0
DA:575,0
DA:576,0
DA:579,4
DA:580,2
DA:582,2
DA:583,1
DA:584,1
DA:585,1
DA:586,1
DA:587,1
DA:610,1
DA:611,1
DA:612,0
DA:613,0
DA:614,0
DA:615,0
DA:618,0
DA:619,0
DA:620,0
DA:621,0
DA:622,0
DA:623,0
DA:624,0
DA:626,0
DA:627,0
DA:628,0
DA:629,0
DA:630,0
DA:631,0
DA:632,0
DA:633,0
DA:634,0
DA:635,0
DA:636,0
DA:637,0
DA:638,0
DA:644,0
DA:645,0
DA:646,0
DA:647,0
DA:648,0
DA:651,0
DA:652,0
DA:653,0
DA:654,0
DA:657,1
DA:658,1
DA:659,1
DA:660,1
DA:661,1
DA:662,3
DA:663,3
DA:664,1
DA:665,1
DA:666,1
DA:667,1
DA:668,1
DA:669,1
DA:670,1
DA:672,1
DA:675,1
DA:676,1
DA:677,1
DA:678,1
DA:679,1
DA:687,1
DA:688,1
DA:691,1
DA:692,1
DA:693,1
DA:694,1
DA:695,1
DA:696,1
DA:697,1
DA:698,1
DA:699,1
DA:700,1
DA:701,1
DA:702,1
DA:704,1
DA:707,1
DA:708,1
DA:713,1
DA:714,1
DA:715,1
DA:716,1
DA:717,1
DA:718,1
DA:719,1
DA:721,0
DA:722,0
DA:723,0
DA:725,1
DA:726,1
DA:727,1
DA:728,1
DA:729,1
DA:730,1
DA:731,1
DA:732,1
DA:733,1
DA:734,1
DA:735,1
DA:736,1
DA:737,1
DA:738,1
DA:742,1
DA:744,1
DA:745,1
DA:751,1
DA:752,1
DA:753,1
DA:754,1
DA:755,1
DA:756,1
DA:757,0
DA:758,0
DA:759,0
DA:761,0
DA:762,0
DA:763,0
DA:764,0
DA:765,0
DA:766,0
DA:767,0
DA:772,0
DA:774,0
DA:777,0
DA:778,0
DA:779,0
DA:780,0
DA:781,0
DA:782,0
DA:786,0
DA:787,0
DA:788,0
DA:791,0
DA:794,0
DA:795,0
DA:796,0
DA:797,0
DA:798,0
DA:805,2
DA:806,2
DA:807,2
DA:808,0
DA:809,0
DA:810,0
DA:812,0
DA:819,2
DA:820,3
DA:821,1
DA:822,1
DA:823,1
DA:826,1
DA:827,0
DA:828,0
DA:829,0
DA:831,1
DA:832,1
DA:833,1
DA:837,0
DA:841,1
DA:842,1
DA:843,1
DA:844,2
DA:845,2
DA:846,2
DA:847,2
DA:851,1
DA:855,0
DA:859,2
DA:860,2
DA:861,2
DA:862,4
DA:863,1
DA:866,2
DA:868,0
DA:869,0
DA:870,0
DA:871,0
DA:873,0
DA:879,13
DA:880,13
DA:885,1
DA:886,2
DA:887,2
DA:888,2
DA:889,2
DA:893,1
DA:898,2
DA:899,2
DA:900,2
DA:901,4
DA:906,5
DA:907,5
DA:908,10
DA:909,6
DA:912,5
DA:916,5
DA:920,1
DA:921,1
DA:925,3
DA:926,3
DA:927,3
DA:928,3
DA:929,3
DA:930,1
DA:931,1
DA:933,2
DA:934,1
DA:935,1
DA:937,1
DA:941,1
DA:942,1
DA:943,1
DA:944,1
DA:949,1
DA:950,1
DA:951,2
DA:952,0
DA:953,0
DA:955,0
DA:956,0
DA:957,0
DA:959,0
DA:960,0
DA:962,0
DA:963,0
DA:967,1
DA:968,1
DA:969,1
DA:970,1
DA:977,0
DA:978,0
DA:984,32
DA:985,32
DA:986,32
DA:987,86
DA:988,10
DA:991,32
DA:993,0
DA:997,3
DA:999,3
DA:1000,1
DA:1001,1
DA:1002,2
DA:1003,1
DA:1005,1
DA:1010,3
DA:1011,24
DA:1012,3
DA:1016,3
DA:1018,21
DA:1020,24
DA:1021,24
DA:1022,24
DA:1024,3
DA:1025,2
DA:1026,6
DA:1027,2
DA:1029,4
DA:1032,2
DA:1033,1
DA:1034,3
DA:1035,1
DA:1037,2
DA:1045,24
DA:1046,48
DA:1048,48
DA:1049,48
DA:1050,48
DA:1051,48
DA:1052,40
DA:1055,8
DA:1060,3
DA:1061,3
DA:1063,3
DA:1065,1
DA:1066,1
DA:1067,1
DA:1068,1
DA:1070,0
DA:1071,0
DA:1072,0
DA:1073,0
DA:1075,1
DA:1076,1
DA:1077,1
DA:1078,1
DA:1080,1
DA:1081,1
DA:1082,1
DA:1083,1
DA:1086,3
DA:1087,3
DA:1088,3
DA:1089,3
DA:1090,1
DA:1092,2
DA:1096,22
DA:1097,22
DA:1099,1
DA:1100,1
DA:1101,1
DA:1104,0
DA:1109,0
DA:1110,0
DA:1111,0
DA:1112,0
DA:1115,0
DA:1117,2
DA:1118,2
DA:1119,2
DA:1122,0
DA:1124,2
DA:1125,2
DA:1127,2
DA:1130,0
DA:1132,17
DA:1133,17
DA:1134,9
DA:1137,8
DA:1142,2
DA:1143,16
DA:1144,16
DA:1145,16
DA:1146,16
DA:1147,16
DA:1148,16
DA:1149,46
DA:1152,0
DA:1153,0
DA:1157,2
DA:1158,6
DA:1160,2
DA:1161,2
DA:1162,4
DA:1163,4
DA:1165,2
DA:1166,2
DA:1170,1
DA:1172,1
DA:1173,1
DA:1174,1
DA:1183,1
DA:1184,3
DA:1185,2
DA:1189,1
DA:1190,1
DA:1191,8
DA:1192,1
DA:1193,1
DA:1194,1
DA:1195,2
DA:1196,1
DA:1198,1
DA:1203,1
DA:1204,1
DA:1205,1
DA:1207,0
DA:1209,1
DA:1214,139
DA:1215,139
DA:1216,1
DA:1217,2
DA:1219,1
DA:1220,1
DA:1221,8
DA:1222,0
DA:1224,8
DA:1227,1
DA:1232,138
DA:1233,138
DA:1234,414
DA:1235,2
DA:1238,138
DA:1239,0
DA:1240,0
DA:1243,138
DA:1247,2
DA:1248,6
DA:1250,2
DA:1251,1
DA:1252,1
DA:1253,2
DA:1254,2
DA:1258,1
DA:1259,1
DA:1260,1
DA:1261,1
DA:1268,2
DA:1269,2
DA:1270,2
DA:1271,2
DA:1273,2
DA:1274,1
DA:1275,1
DA:1277,1
DA:1280,2
DA:1281,1
DA:1282,1
DA:1284,1
DA:1286,2
DA:1287,0
DA:1288,0
DA:1289,0
DA:1291,0
DA:1303,4
DA:1304,4
DA:1307,4
DA:1308,4
DA:1309,4
DA:1310,0
DA:1312,4
DA:1313,2
DA:1314,2
DA:1315,2
DA:1316,1
DA:1317,1
DA:1319,1
DA:1320,1
DA:1321,1
DA:1324,2
DA:1325,4
DA:1326,2
DA:1327,6
DA:1329,2
DA:1330,2
DA:1331,2
DA:1332,4
DA:1333,0
DA:1334,0
DA:1335,0
DA:1336,0
DA:1339,2
DA:1343,4
DA:1344,4
DA:1345,4
DA:1346,4
DA:1347,0
DA:1348,0
DA:1349,0
DA:1351,4
DA:1352,4
DA:1353,0
DA:1354,0
DA:1355,0
DA:1357,4
DA:1358,4
DA:1359,2
DA:1360,2
DA:1361,2
DA:1365,2
DA:1366,2
DA:1367,2
DA:1368,2
DA:1369,6
DA:1370,6
DA:1371,6
DA:1372,4
DA:1373,8
DA:1374,8
DA:1375,8
DA:1376,8
DA:1377,8
DA:1380,2
DA:1381,4
DA:1382,4
DA:1383,4
DA:1384,4
DA:1385,4
DA:1391,2
DA:1392,1
DA:1401,1
DA:1402,2
DA:1404,1
DA:1405,1
DA:1406,1
DA:1407,1
DA:1408,1
DA:1409,1
DA:1410,1
DA:1411,1
DA:1412,1
DA:1413,1
DA:1414,1
DA:1417,1
DA:1423,1
DA:1424,1
DA:1425,2
DA:1426,2
DA:1427,2
DA:1428,2
DA:1429,2
DA:1430,2
DA:1431,2
DA:1432,2
DA:1433,2
DA:1434,2
DA:1435,2
DA:1436,2
DA:1437,2
DA:1438,2
DA:1439,2
DA:1440,2
DA:1441,2
DA:1442,2
DA:1443,2
DA:1444,2
DA:1445,2
DA:1446,2
DA:1449,1
DA:1450,1
DA:1454,1
DA:1458,0
DA:1459,0
DA:1460,0
DA:1461,0
DA:1466,0
DA:1467,0
DA:1468,0
DA:1469,0
DA:1471,0
DA:1472,0
DA:1478,1
DA:1479,1
DA:1480,1
DA:1481,1
DA:1482,1
DA:1483,1
DA:1484,1
DA:1485,1
DA:1486,1
DA:1488,1
DA:1489,1
DA:1490,1
LF:832
LH:621
BRDA:18,0,0,0
BRDA:18,0,1,2
BRDA:18,1,0,2
BRDA:18,1,1,0
BRDA:19,2,0,0
BRDA:19,2,1,0
BRDA:19,3,0,0
BRDA:19,3,1,0
BRDA:155,4,0,62
BRDA:155,4,1,2
BRDA:156,5,0,1
BRDA:156,5,1,61
BRDA:162,6,0,1
BRDA:162,6,1,1
BRDA:164,7,0,2
BRDA:164,7,1,1
BRDA:164,7,2,1
BRDA:164,7,3,1
BRDA:164,7,4,1
BRDA:164,7,5,1
BRDA:164,7,6,1
BRDA:164,7,7,1
BRDA:164,7,8,1
BRDA:164,7,9,0
BRDA:168,8,0,0
BRDA:168,8,1,2
BRDA:177,9,0,1
BRDA:177,9,1,1
BRDA:180,10,0,1
BRDA:180,10,1,0
BRDA:190,11,0,3
BRDA:190,11,1,0
BRDA:192,12,0,0
BRDA:192,12,1,0
BRDA:197,13,0,1
BRDA:197,13,1,2
BRDA:201,14,0,0
BRDA:201,14,1,2
BRDA:203,15,0,1
BRDA:203,15,1,1
BRDA:211,16,0,0
BRDA:211,16,1,0
BRDA:213,17,0,0
BRDA:213,17,1,0
BRDA:222,18,0,2
BRDA:222,18,1,1
BRDA:222,18,2,1
BRDA:225,19,0,1
BRDA:225,19,1,1
BRDA:245,20,0,0
BRDA:245,20,1,0
BRDA:250,21,0,0
BRDA:250,21,1,0
BRDA:269,22,0,0
BRDA:269,22,1,0
BRDA:285,23,0,29
BRDA:285,23,1,0
BRDA:286,24,0,0
BRDA:286,24,1,29
BRDA:296,25,0,1
BRDA:296,25,1,0
BRDA:297,26,0,1
BRDA:297,26,1,0
BRDA:305,27,0,1
BRDA:305,27,1,0
BRDA:309,28,0,1
BRDA:309,28,1,0
BRDA:323,29,0,10
BRDA:323,29,1,0
BRDA:325,30,0,20
BRDA:325,30,1,10
BRDA:341,31,0,0
BRDA:341,31,1,11
BRDA:347,32,0,7
BRDA:347,32,1,24
BRDA:364,33,0,2
BRDA:364,33,1,1
BRDA:368,34,0,1
BRDA:368,34,1,1
BRDA:370,35,0,1
BRDA:370,35,1,0
BRDA:383,36,0,1
BRDA:383,36,1,0
BRDA:394,37,0,1
BRDA:394,37,1,1
BRDA:401,38,0,0
BRDA:401,38,1,1
BRDA:410,39,0,0
BRDA:410,39,1,1
BRDA:428,40,0,0
BRDA:428,40,1,1
BRDA:428,41,0,1
BRDA:428,41,1,1
BRDA:428,41,2,0
BRDA:428,41,3,0
BRDA:429,42,0,0
BRDA:429,42,1,0
BRDA:434,43,0,1
BRDA:434,43,1,0
BRDA:434,44,0,1
BRDA:434,44,1,1
BRDA:434,44,2,1
BRDA:435,45,0,0
BRDA:435,45,1,1
BRDA:440,46,0,0
BRDA:440,46,1,0
BRDA:440,47,0,0
BRDA:440,47,1,0
BRDA:440,47,2,0
BRDA:441,48,0,0
BRDA:441,48,1,0
BRDA:499,49,0,4
BRDA:499,49,1,4
BRDA:502,50,0,2
BRDA:502,50,1,2
BRDA:503,51,0,4
BRDA:503,51,1,0
BRDA:513,52,0,1
BRDA:513,52,1,3
BRDA:515,53,0,0
BRDA:515,53,1,8
BRDA:515,54,0,8
BRDA:515,54,1,0
BRDA:521,55,0,2
BRDA:521,55,1,6
BRDA:526,56,0,2
BRDA:526,56,1,0
BRDA:526,57,0,2
BRDA:526,57,1,0
BRDA:527,58,0,0
BRDA:527,58,1,2
BRDA:528,59,0,0
BRDA:528,59,1,2
BRDA:528,60,0,2
BRDA:528,60,1,2
BRDA:528,60,2,0
BRDA:528,60,3,0
BRDA:529,61,0,0
BRDA:529,61,1,0
BRDA:537,62,0,0
BRDA:537,62,1,2
BRDA:538,63,0,0
BRDA:538,63,1,2
BRDA:538,64,0,2
BRDA:538,64,1,2
BRDA:538,64,2,0
BRDA:539,65,0,0
BRDA:539,65,1,0
BRDA:547,66,0,1
BRDA:547,66,1,1
BRDA:547,67,0,2
BRDA:547,67,1,2
BRDA:548,68,0,0
BRDA:548,68,1,1
BRDA:558,69,0,0
BRDA:558,69,1,4
BRDA:558,70,0,4
BRDA:558,70,1,4
BRDA:563,71,0,0
BRDA:563,71,1,4
BRDA:566,72,0,0
BRDA:566,72,1,0
BRDA:566,73,0,0
BRDA:566,73,1,0
BRDA:566,73,2,0
BRDA:566,73,3,0
BRDA:567,74,0,0
BRDA:567,74,1,0
BRDA:568,75,0,0
BRDA:568,75,1,0
BRDA:574,76,0,0
BRDA:574,76,1,0
BRDA:574,77,0,0
BRDA:574,77,1,0
BRDA:579,78,0,2
BRDA:579,78,1,2
BRDA:582,79,0,1
BRDA:582,79,1,1
BRDA:583,80,0,0
BRDA:583,80,1,1
BRDA:584,81,0,0
BRDA:584,81,1,1
BRDA:585,82,0,0
BRDA:585,82,1,1
BRDA:611,83,0,0
BRDA:611,83,1,1
BRDA:613,84,0,0
BRDA:613,84,1,0
BRDA:629,85,0,0
BRDA:629,85,1,0
BRDA:629,86,0,0
BRDA:629,86,1,0
BRDA:631,87,0,0
BRDA:631,87,1,0
BRDA:637,88,0,0
BRDA:637,88,1,0
BRDA:663,89,0,1
BRDA:663,89,1,2
BRDA:663,90,0,3
BRDA:663,90,1,2
BRDA:665,91,0,1
BRDA:665,91,1,0
BRDA:695,92,0,1
BRDA:695,92,1,0
BRDA:716,93,0,0
BRDA:716,93,1,1
BRDA:717,94,0,0
BRDA:717,94,1,1
BRDA:719,95,0,0
BRDA:719,95,1,1
BRDA:719,96,0,1
BRDA:719,96,1,1
BRDA:719,96,2,1
BRDA:719,96,3,0
BRDA:721,97,0,0
BRDA:721,97,1,0
BRDA:725,98,0,1
BRDA:725,98,1,0
BRDA:731,99,0,1
BRDA:731,99,1,0
BRDA:731,100,0,1
BRDA:731,100,1,0
BRDA:733,101,0,1
BRDA:733,101,1,0
BRDA:757,102,0,0
BRDA:757,102,1,0
BRDA:759,103,0,0
BRDA:759,103,1,0
BRDA:763,104,0,0
BRDA:763,104,1,0
BRDA:766,105,0,0
BRDA:766,105,1,0
BRDA:766,106,0,0
BRDA:766,106,1,0
BRDA:777,107,0,0
BRDA:777,107,1,0
BRDA:806,108,0,1
BRDA:806,108,1,1
BRDA:808,109,0,0
BRDA:808,109,1,0
BRDA:809,110,0,0
BRDA:809,110,1,0
BRDA:820,111,0,1
BRDA:820,111,1,2
BRDA:820,112,0,3
BRDA:820,112,1,1
BRDA:826,113,0,0
BRDA:826,113,1,1
BRDA:826,114,0,1
BRDA:826,114,1,0
BRDA:844,115,0,2
BRDA:844,115,1,0
BRDA:846,116,0,2
BRDA:846,116,1,0
BRDA:859,117,0,2
BRDA:859,117,1,0
BRDA:862,118,0,1
BRDA:862,118,1,3
BRDA:868,119,0,0
BRDA:868,119,1,0
BRDA:870,120,0,0
BRDA:870,120,1,0
BRDA:870,121,0,0
BRDA:870,121,1,0
BRDA:886,122,0,2
BRDA:886,122,1,0
BRDA:888,123,0,2
BRDA:888,123,1,0
BRDA:908,124,0,6
BRDA:908,124,1,4
BRDA:929,125,0,1
BRDA:929,125,1,2
BRDA:933,126,0,1
BRDA:933,126,1,1
BRDA:951,127,0,0
BRDA:951,127,1,2
BRDA:956,128,0,0
BRDA:956,128,1,0
BRDA:956,129,0,0
BRDA:956,129,1,0
BRDA:959,130,0,0
BRDA:959,130,1,0
BRDA:962,131,0,0
BRDA:962,131,1,0
BRDA:968,132,0,1
BRDA:968,132,1,0
BRDA:971,133,0,0
BRDA:971,133,1,1
BRDA:985,134,0,32
BRDA:985,134,1,0
BRDA:987,135,0,10
BRDA:987,135,1,76
BRDA:999,136,0,1
BRDA:999,136,1,2
BRDA:999,137,0,3
BRDA:999,137,1,2
BRDA:1000,138,0,1
BRDA:1000,138,1,0
BRDA:1002,139,0,1
BRDA:1002,139,1,1
BRDA:1011,140,0,3
BRDA:1011,140,1,21
BRDA:1024,141,0,2
BRDA:1024,141,1,1
BRDA:1026,142,0,2
BRDA:1026,142,1,4
BRDA:1032,143,0,1
BRDA:1032,143,1,1
BRDA:1034,144,0,1
BRDA:1034,144,1,2
BRDA:1051,145,0,40
BRDA:1051,145,1,8
BRDA:1064,146,0,1
BRDA:1064,146,1,0
BRDA:1064,146,2,1
BRDA:1064,146,3,1
BRDA:1089,147,0,1
BRDA:1089,147,1,2
BRDA:1098,148,0,1
BRDA:1098,148,1,0
BRDA:1098,148,2,0
BRDA:1098,148,3,0
BRDA:1098,148,4,0
BRDA:1098,148,5,2
BRDA:1098,148,6,2
BRDA:1098,148,7,17
BRDA:1100,149,0,1
BRDA:1100,149,1,0
BRDA:1100,150,0,1
BRDA:1100,150,1,0
BRDA:1100,150,2,1
BRDA:1109,151,0,0
BRDA:1109,151,1,0
BRDA:1109,152,0,0
BRDA:1109,152,1,0
BRDA:1111,153,0,0
BRDA:1111,153,1,0
BRDA:1118,154,0,2
BRDA:1118,154,1,0
BRDA:1118,155,0,2
BRDA:1118,155,1,1
BRDA:1118,155,2,1
BRDA:1118,155,3,1
BRDA:1118,155,4,0
BRDA:1118,155,5,0
BRDA:1125,156,0,2
BRDA:1125,156,1,0
BRDA:1125,157,0,2
BRDA:1125,157,1,1
BRDA:1125,157,2,1
BRDA:1125,157,3,1
BRDA:1133,158,0,9
BRDA:1133,158,1,8
BRDA:1147,159,0,16
BRDA:1147,159,1,0
BRDA:1158,160,0,2
BRDA:1158,160,1,4
BRDA:1170,161,0,0
BRDA:1170,161,1,1
BRDA:1184,162,0,2
BRDA:1184,162,1,1
BRDA:1191,163,0,1
BRDA:1191,163,1,7
BRDA:1195,164,0,1
BRDA:1195,164,1,1
BRDA:1204,165,0,1
BRDA:1204,165,1,0
BRDA:1215,166,0,1
BRDA:1215,166,1,138
BRDA:1217,167,0,2
BRDA:1217,167,1,2
BRDA:1221,168,0,0
BRDA:1221,168,1,8
BRDA:1221,169,0,8
BRDA:1221,169,1,1
BRDA:1221,169,2,0
BRDA:1234,170,0,2
BRDA:1234,170,1,412
BRDA:1234,171,0,414
BRDA:1234,171,1,114
BRDA:1239,172,0,0
BRDA:1239,172,1,0
BRDA:1239,173,0,0
BRDA:1239,173,1,0
BRDA:1239,173,2,0
BRDA:1250,174,0,1
BRDA:1250,174,1,1
BRDA:1253,175,0,2
BRDA:1253,175,1,0
BRDA:1260,176,0,1
BRDA:1260,176,1,0
BRDA:1274,177,0,1
BRDA:1274,177,1,0
BRDA:1281,178,0,1
BRDA:1281,178,1,0
BRDA:1286,179,0,0
BRDA:1286,179,1,2
BRDA:1288,180,0,0
BRDA:1288,180,1,0
BRDA:1309,181,0,0
BRDA:1309,181,1,4
BRDA:1312,182,0,2
BRDA:1312,182,1,2
BRDA:1315,183,0,1
BRDA:1315,183,1,1
BRDA:1319,184,0,1
BRDA:1319,184,1,0
BRDA:1325,185,0,2
BRDA:1325,185,1,2
BRDA:1327,186,0,2
BRDA:1327,186,1,4
BRDA:1327,187,0,6
BRDA:1327,187,1,2
BRDA:1332,188,0,0
BRDA:1332,188,1,4
BRDA:1345,189,0,4
BRDA:1345,189,1,0
BRDA:1346,190,0,0
BRDA:1346,190,1,4
BRDA:1346,191,0,4
BRDA:1346,191,1,0
BRDA:1346,191,2,0
BRDA:1346,191,3,0
BRDA:1346,191,4,0
BRDA:1352,192,0,0
BRDA:1352,192,1,4
BRDA:1352,193,0,4
BRDA:1352,193,1,2
BRDA:1352,193,2,2
BRDA:1358,194,0,2
BRDA:1358,194,1,2
BRDA:1358,195,0,4
BRDA:1358,195,1,2
BRDA:1365,196,0,2
BRDA:1365,196,1,0
BRDA:1367,197,0,2
BRDA:1367,197,1,0
BRDA:1371,198,0,4
BRDA:1371,198,1,2
BRDA:1391,199,0,1
BRDA:1391,199,1,1
BRDA:1406,200,0,0
BRDA:1406,200,1,1
BRDA:1413,201,0,1
BRDA:1413,201,1,0
BRDA:1444,202,0,1
BRDA:1444,202,1,1
BRDA:1459,203,0,0
BRDA:1459,203,1,0
BRDA:1466,204,0,0
BRDA:1466,204,1,0
BRDA:1468,205,0,0
BRDA:1468,205,1,0
BRDA:1471,206,0,0
BRDA:1471,206,1,0
BRDA:1484,207,0,1
BRDA:1484,207,1,0
BRDA:1488,208,0,1
BRDA:1488,208,1,0
BRF:459
BRH:251
end_of_record
TN:
SF:/home/ritesh/development/UserManagementServer/ui/src/app/code-coverage/code-coverage.component.ts
FN:10,(anonymous_0)
FN:12,(anonymous_1)
FNF:2
FNH:0
FNDA:0,(anonymous_0)
FNDA:0,(anonymous_1)
DA:8,1
LF:1
LH:1
BRF:0
BRH:0
end_of_record
TN:
SF:/home/ritesh/development/UserManagementServer/ui/src/app/create-password/create-password.component.ts
FN:39,(anonymous_0)
FN:40,(anonymous_1)
FN:54,(anonymous_2)
FN:59,(anonymous_3)
FN:64,(anonymous_4)
FN:69,(anonymous_5)
FN:90,(anonymous_6)
FN:93,(anonymous_7)
FN:104,(anonymous_8)
FN:112,(anonymous_9)
FN:134,(anonymous_10)
FNF:11
FNH:0
FNDA:0,(anonymous_0)
FNDA:0,(anonymous_1)
FNDA:0,(anonymous_2)
FNDA:0,(anonymous_3)
FNDA:0,(anonymous_4)
FNDA:0,(anonymous_5)
FNDA:0,(anonymous_6)
FNDA:0,(anonymous_7)
FNDA:0,(anonymous_8)
FNDA:0,(anonymous_9)
FNDA:0,(anonymous_10)
DA:17,1
DA:18,0
DA:20,0
DA:21,0
DA:22,0
DA:23,0
DA:24,0
DA:25,0
DA:27,0
DA:28,0
DA:29,0
DA:30,0
DA:31,0
DA:32,0
DA:33,0
DA:34,0
DA:35,0
DA:36,0
DA:37,0
DA:38,0
DA:39,0
DA:42,0
DA:43,0
DA:44,0
DA:45,0
DA:47,0
DA:55,0
DA:56,0
DA:57,0
DA:60,0
DA:61,0
DA:62,0
DA:65,0
DA:66,0
DA:67,0
DA:70,0
DA:71,0
DA:72,0
DA:73,0
DA:74,0
DA:75,0
DA:77,0
DA:79,0
DA:80,0
DA:81,0
DA:82,0
DA:84,0
DA:86,0
DA:88,0
DA:91,0
DA:94,0
DA:95,0
DA:96,0
DA:97,0
DA:98,0
DA:99,0
DA:100,0
DA:103,0
DA:106,0
DA:113,0
DA:114,0
DA:115,0
DA:116,0
DA:117,0
DA:119,0
DA:124,0
DA:126,0
DA:127,0
DA:128,0
DA:129,0
DA:134,0
LF:71
LH:1
BRDA:71,0,0,0
BRDA:71,0,1,0
BRDA:72,1,0,0
BRDA:72,1,1,0
BRDA:73,2,0,0
BRDA:73,2,1,0
BRDA:79,3,0,0
BRDA:79,3,1,0
BRDA:87,4,0,0
BRDA:87,4,1,0
BRDA:86,5,0,0
BRDA:86,5,1,0
BRDA:95,6,0,0
BRDA:95,6,1,0
BRDA:116,7,0,0
BRDA:116,7,1,0
BRDA:124,8,0,0
BRDA:124,8,1,0
BRF:18
BRH:0
end_of_record
TN:
SF:/home/ritesh/development/UserManagementServer/ui/src/app/forgot-password/forgot-password.component.ts
FN:31,(anonymous_0)
FN:32,(anonymous_1)
FN:37,(anonymous_2)
FN:42,(anonymous_3)
FN:47,(anonymous_4)
FN:59,(anonymous_5)
FN:62,(anonymous_6)
FN:71,(anonymous_7)
FN:76,(anonymous_8)
FN:89,(anonymous_9)
FNF:10
FNH:7
FNDA:11,(anonymous_0)
FNDA:12,(anonymous_1)
FNDA:0,(anonymous_2)
FNDA:0,(anonymous_3)
FNDA:5,(anonymous_4)
FNDA:1,(anonymous_5)
FNDA:2,(anonymous_6)
FNDA:1,(anonymous_7)
FNDA:0,(anonymous_8)
FNDA:24,(anonymous_9)
DA:15,1
DA:16,11
DA:18,11
DA:19,11
DA:20,11
DA:21,11
DA:22,11
DA:24,11
DA:25,11
DA:26,11
DA:27,11
DA:28,11
DA:29,11
DA:30,11
DA:31,11
DA:33,12
DA:38,0
DA:39,0
DA:40,0
DA:43,0
DA:44,0
DA:45,0
DA:48,5
DA:49,5
DA:50,5
DA:51,2
DA:52,2
DA:54,3
DA:56,5
DA:57,5
DA:60,1
DA:63,2
DA:64,2
DA:65,2
DA:66,2
DA:67,2
DA:68,2
DA:69,2
DA:70,2
DA:72,1
DA:73,1
DA:74,1
DA:77,0
DA:78,0
DA:79,0
DA:80,0
DA:81,0
DA:83,0
DA:89,24
LF:49
LH:37
BRDA:49,0,0,3
BRDA:49,0,1,2
BRDA:50,1,0,2
BRDA:50,1,1,3
BRDA:56,2,0,2
BRDA:56,2,1,3
BRDA:64,3,0,2
BRDA:64,3,1,0
BRDA:80,4,0,0
BRDA:80,4,1,0
BRF:10
BRH:7
end_of_record
TN:
SF:/home/ritesh/development/UserManagementServer/ui/src/app/login/global.ts
FNF:0
FNH:0
DA:2,1
DA:3,1
DA:4,1
DA:7,1
DA:8,1
DA:9,1
DA:13,1
DA:14,1
DA:15,1
DA:18,1
DA:19,1
DA:20,1
DA:23,1
DA:24,1
DA:25,1
DA:26,1
LF:16
LH:16
BRDA:9,0,0,0
BRDA:9,0,1,1
BRF:2
BRH:1
end_of_record
TN:
SF:/home/ritesh/development/UserManagementServer/ui/src/app/login/login.component.ts
FN:104,(anonymous_0)
FN:420,(anonymous_1)
FN:422,(anonymous_2)
FN:105,(anonymous_3)
FN:154,(anonymous_4)
FN:159,(anonymous_5)
FN:164,(anonymous_6)
FN:185,(anonymous_7)
FN:190,(anonymous_8)
FN:210,(anonymous_9)
FN:214,(anonymous_10)
FN:259,(anonymous_11)
FN:296,(anonymous_12)
FN:303,(anonymous_13)
FN:321,(anonymous_14)
FN:330,(anonymous_15)
FN:342,(anonymous_16)
FN:351,(anonymous_17)
FN:368,(anonymous_18)
FN:397,(anonymous_19)
FN:399,(anonymous_20)
FN:413,(anonymous_21)
FN:417,(anonymous_22)
FNF:23
FNH:13
FNDA:26,(anonymous_0)
FNDA:28,(anonymous_1)
FNDA:28,(anonymous_2)
FNDA:28,(anonymous_3)
FNDA:0,(anonymous_4)
FNDA:0,(anonymous_5)
FNDA:7,(anonymous_6)
FNDA:1,(anonymous_7)
FNDA:2,(anonymous_8)
FNDA:4,(anonymous_9)
FNDA:3,(anonymous_10)
FNDA:1,(anonymous_11)
FNDA:0,(anonymous_12)
FNDA:2,(anonymous_13)
FNDA:0,(anonymous_14)
FNDA:0,(anonymous_15)
FNDA:1,(anonymous_16)
FNDA:1,(anonymous_17)
FNDA:0,(anonymous_18)
FNDA:0,(anonymous_19)
FNDA:0,(anonymous_20)
FNDA:0,(anonymous_21)
FNDA:0,(anonymous_22)
DA:28,1
DA:29,26
DA:32,26
DA:33,26
DA:34,26
DA:35,26
DA:37,26
DA:38,26
DA:39,26
DA:40,26
DA:41,26
DA:42,26
DA:43,26
DA:44,26
DA:45,26
DA:46,26
DA:47,26
DA:48,26
DA:49,26
DA:50,26
DA:51,26
DA:52,26
DA:53,26
DA:55,26
DA:57,26
DA:58,26
DA:59,26
DA:60,26
DA:61,26
DA:62,26
DA:63,26
DA:64,26
DA:65,26
DA:66,26
DA:67,26
DA:68,26
DA:69,26
DA:70,26
DA:71,26
DA:72,26
DA:73,26
DA:74,26
DA:75,26
DA:76,26
DA:77,26
DA:78,26
DA:86,26
DA:87,26
DA:88,26
DA:104,26
DA:107,28
DA:109,28
DA:110,0
DA:111,28
DA:112,0
DA:113,28
DA:116,28
DA:117,28
DA:118,0
DA:119,0
DA:120,0
DA:122,28
DA:123,28
DA:128,28
DA:135,28
DA:142,28
DA:143,28
DA:144,19
DA:145,19
DA:146,19
DA:150,28
DA:151,28
DA:155,0
DA:156,0
DA:157,0
DA:160,0
DA:161,0
DA:162,0
DA:165,7
DA:166,7
DA:167,7
DA:168,7
DA:169,5
DA:170,5
DA:172,2
DA:174,7
DA:175,5
DA:176,5
DA:177,5
DA:179,2
DA:181,7
DA:183,7
DA:186,1
DA:192,2
DA:193,2
DA:196,2
DA:197,0
DA:198,0
DA:202,2
DA:205,0
DA:206,0
DA:211,4
DA:212,4
DA:213,4
DA:214,4
DA:216,3
DA:218,3
DA:219,2
DA:220,2
DA:221,2
DA:222,1
DA:223,1
DA:225,2
DA:226,2
DA:227,2
DA:228,2
DA:230,1
DA:231,1
DA:233,1
DA:234,1
DA:235,1
DA:236,1
DA:237,1
DA:238,1
DA:239,1
DA:240,0
DA:242,1
DA:244,1
DA:245,1
DA:246,0
DA:247,0
DA:248,0
DA:249,0
DA:250,0
DA:253,1
DA:254,1
DA:255,1
DA:258,3
DA:260,1
DA:261,1
DA:262,1
DA:263,1
DA:264,1
DA:268,0
DA:271,1
DA:272,0
DA:275,1
DA:276,0
DA:277,0
DA:278,0
DA:279,0
DA:280,0
DA:282,0
DA:283,0
DA:285,0
DA:286,0
DA:287,0
DA:288,0
DA:298,0
DA:299,0
DA:304,2
DA:305,2
DA:306,2
DA:307,2
DA:310,2
DA:311,1
DA:312,1
DA:313,1
DA:314,1
DA:315,1
DA:317,1
DA:318,1
DA:320,1
DA:321,1
DA:322,0
DA:323,0
DA:325,0
DA:329,0
DA:331,0
DA:332,0
DA:333,0
DA:334,0
DA:336,0
DA:343,1
DA:344,1
DA:345,1
DA:347,0
DA:348,1
DA:349,1
DA:350,1
DA:351,1
DA:352,1
DA:353,0
DA:355,1
DA:356,1
DA:357,1
DA:358,1
DA:359,1
DA:360,1
DA:361,1
DA:362,1
DA:363,0
DA:365,1
DA:367,1
DA:369,0
DA:372,0
DA:373,0
DA:376,0
DA:377,0
DA:378,0
DA:379,0
DA:380,0
DA:381,0
DA:383,0
DA:384,0
DA:385,0
DA:388,0
DA:391,0
DA:398,0
DA:399,0
DA:400,0
DA:401,0
DA:405,0
DA:406,0
DA:407,0
DA:414,0
DA:417,0
DA:420,26
DA:421,28
DA:422,28
DA:423,28
LF:231
LH:160
BRDA:422,0,0,0
BRDA:422,0,1,28
BRDA:422,1,0,28
BRDA:422,1,1,28
BRDA:422,2,0,28
BRDA:422,2,1,0
BRDA:107,3,0,28
BRDA:107,3,1,0
BRDA:109,4,0,0
BRDA:109,4,1,28
BRDA:111,5,0,0
BRDA:111,5,1,28
BRDA:116,6,0,28
BRDA:116,6,1,0
BRDA:117,7,0,0
BRDA:117,7,1,28
BRDA:142,8,0,28
BRDA:142,8,1,0
BRDA:142,9,0,28
BRDA:142,9,1,28
BRDA:143,10,0,19
BRDA:143,10,1,9
BRDA:145,11,0,19
BRDA:145,11,1,0
BRDA:145,12,0,19
BRDA:145,12,1,19
BRDA:166,13,0,2
BRDA:166,13,1,5
BRDA:167,14,0,2
BRDA:167,14,1,5
BRDA:168,15,0,5
BRDA:168,15,1,2
BRDA:174,16,0,5
BRDA:174,16,1,2
BRDA:182,17,0,6
BRDA:182,17,1,1
BRDA:181,18,0,7
BRDA:181,18,1,2
BRDA:192,19,0,2
BRDA:192,19,1,0
BRDA:196,20,0,0
BRDA:196,20,1,2
BRDA:196,21,0,2
BRDA:196,21,1,0
BRDA:205,22,0,0
BRDA:205,22,1,0
BRDA:205,23,0,0
BRDA:205,23,1,0
BRDA:218,24,0,2
BRDA:218,24,1,1
BRDA:219,25,0,2
BRDA:219,25,1,0
BRDA:221,26,0,1
BRDA:221,26,1,1
BRDA:230,27,0,1
BRDA:230,27,1,0
BRDA:239,28,0,0
BRDA:239,28,1,1
BRDA:245,29,0,0
BRDA:245,29,1,1
BRDA:245,30,0,1
BRDA:245,30,1,1
BRDA:263,31,0,1
BRDA:263,31,1,0
BRDA:271,32,0,0
BRDA:271,32,1,1
BRDA:271,33,0,1
BRDA:271,33,1,1
BRDA:275,34,0,0
BRDA:275,34,1,1
BRDA:275,35,0,1
BRDA:275,35,1,0
BRDA:278,36,0,0
BRDA:278,36,1,0
BRDA:279,37,0,0
BRDA:279,37,1,0
BRDA:279,38,0,0
BRDA:279,38,1,0
BRDA:283,39,0,0
BRDA:283,39,1,0
BRDA:310,40,0,1
BRDA:310,40,1,1
BRDA:345,41,0,0
BRDA:345,41,1,1
BRDA:348,42,0,1
BRDA:348,42,1,0
BRDA:352,43,0,0
BRDA:352,43,1,1
BRDA:362,44,0,0
BRDA:362,44,1,1
BRDA:376,45,0,0
BRDA:376,45,1,0
BRDA:376,46,0,0
BRDA:376,46,1,0
BRDA:379,47,0,0
BRDA:379,47,1,0
BRDA:400,48,0,0
BRDA:400,48,1,0
BRF:98
BRH:54
end_of_record
TN:
SF:/home/ritesh/development/UserManagementServer/ui/src/app/services/create-password/create-password.service.ts
FN:12,(anonymous_0)
FN:16,(anonymous_1)
FN:27,(anonymous_2)
FNF:3
FNH:0
FNDA:0,(anonymous_0)
FNDA:0,(anonymous_1)
FNDA:0,(anonymous_2)
DA:10,1
DA:13,0
DA:18,0
DA:19,0
DA:20,0
DA:22,0
DA:24,0
DA:26,0
DA:28,0
LF:9
LH:1
BRDA:19,0,0,0
BRDA:19,0,1,0
BRDA:19,1,0,0
BRDA:19,1,1,0
BRF:4
BRH:0
end_of_record
TN:
SF:/home/ritesh/development/UserManagementServer/ui/src/app/services/forgot-password/forgot-password.service.ts
FN:13,(anonymous_0)
FN:17,(anonymous_1)
FN:26,(anonymous_2)
FNF:3
FNH:2
FNDA:11,(anonymous_0)
FNDA:1,(anonymous_1)
FNDA:0,(anonymous_2)
DA:10,1
DA:14,11
DA:19,1
DA:20,1
DA:21,0
DA:24,1
DA:25,1
DA:27,0
LF:8
LH:6
BRDA:20,0,0,0
BRDA:20,0,1,1
BRDA:20,1,0,1
BRDA:20,1,1,1
BRF:4
BRH:3
end_of_record
TN:
SF:/home/ritesh/development/UserManagementServer/ui/src/app/services/login/login.service.ts
FN:12,(anonymous_0)
FN:16,(anonymous_1)
FN:24,(anonymous_2)
FN:31,(anonymous_3)
FN:39,(anonymous_4)
FN:46,(anonymous_5)
FN:54,(anonymous_6)
FNF:7
FNH:2
FNDA:27,(anonymous_0)
FNDA:0,(anonymous_1)
FNDA:0,(anonymous_2)
FNDA:1,(anonymous_3)
FNDA:0,(anonymous_4)
FNDA:0,(anonymous_5)
FNDA:0,(anonymous_6)
DA:10,1
DA:13,27
DA:17,0
DA:18,0
DA:19,0
DA:22,0
DA:23,0
DA:25,0
DA:32,1
DA:33,1
DA:34,0
DA:37,1
DA:38,1
DA:40,0
DA:47,0
DA:48,0
DA:49,0
DA:52,0
DA:53,0
DA:55,0
LF:20
LH:6
BRDA:18,0,0,0
BRDA:18,0,1,0
BRDA:18,1,0,0
BRDA:18,1,1,0
BRDA:33,2,0,0
BRDA:33,2,1,1
BRDA:33,3,0,1
BRDA:33,3,1,1
BRDA:48,4,0,0
BRDA:48,4,1,0
BRDA:48,5,0,0
BRDA:48,5,1,0
BRF:12
BRH:3
end_of_record
TN:
SF:/home/ritesh/development/UserManagementServer/ui/src/app/services/logout/logout.service.ts
FN:11,(anonymous_0)
FNF:1
FNH:1
FNDA:249,(anonymous_0)
DA:9,1
DA:13,249
LF:2
LH:2
BRF:0
BRH:0
end_of_record
TN:
SF:/home/ritesh/development/UserManagementServer/ui/src/app/shared/animation.ts
FNF:0
FNH:0
DA:2,1
DA:3,1
DA:4,1
DA:5,1
DA:6,1
DA:7,1
DA:8,1
DA:9,1
DA:10,1
DA:11,1
DA:13,1
DA:28,1
LF:12
LH:12
BRF:0
BRH:0
end_of_record
TN:
SF:/home/ritesh/development/UserManagementServer/ui/src/app/shared/global.ts
FNF:0
FNH:0
DA:1,1
DA:2,1
DA:3,1
DA:4,1
DA:5,1
DA:6,1
DA:7,1
DA:8,1
DA:9,1
DA:12,1
DA:13,1
DA:14,1
DA:15,1
DA:16,1
DA:18,1
DA:19,1
DA:20,1
DA:23,1
DA:33,1
DA:34,1
DA:37,1
DA:38,1
DA:40,1
DA:41,1
DA:43,1
LF:25
LH:25
BRF:0
BRH:0
end_of_record
TN:
SF:/home/ritesh/development/UserManagementServer/ui/src/app/shared/message.ts
FNF:0
FNH:0
DA:2,1
DA:3,1
DA:4,1
DA:5,1
DA:6,1
DA:7,1
DA:8,1
DA:9,1
DA:10,1
DA:22,1
DA:23,1
DA:24,1
DA:25,1
DA:30,1
DA:35,1
DA:40,1
DA:45,1
DA:46,1
DA:47,1
DA:48,1
DA:49,1
DA:50,1
DA:51,1
DA:52,1
DA:53,1
DA:54,1
DA:55,1
DA:56,1
DA:57,1
DA:58,1
DA:59,1
DA:60,1
DA:61,1
DA:62,1
DA:63,1
DA:70,1
DA:75,1
DA:80,1
DA:87,1
DA:98,1
DA:114,1
DA:116,1
DA:120,1
DA:122,1
DA:123,1
DA:124,1
DA:129,1
DA:130,1
DA:131,1
DA:132,1
DA:136,1
DA:139,1
DA:140,1
DA:141,1
DA:144,1
DA:147,1
LF:56
LH:56
BRF:0
BRH:0
end_of_record
TN:
SF:/home/ritesh/development/UserManagementServer/ui/src/app/shared/resource.ts
FNF:0
FNH:0
DA:2,1
DA:3,1
DA:4,1
DA:5,1
DA:6,1
DA:7,1
DA:8,1
DA:9,1
DA:10,1
DA:11,1
DA:12,1
DA:13,1
DA:14,1
DA:15,1
DA:16,1
DA:17,1
DA:18,1
DA:19,1
DA:20,1
DA:21,1
DA:22,1
DA:23,1
DA:24,1
DA:25,1
DA:26,1
DA:27,1
DA:28,1
DA:29,1
DA:30,1
DA:31,1
DA:32,1
DA:33,1
DA:34,1
DA:35,1
LF:34
LH:34
BRF:0
BRH:0
end_of_record
TN:
SF:/home/ritesh/development/UserManagementServer/ui/src/app/shared/confirmation-popup/confirmation-popup.component.ts
FN:14,(anonymous_0)
FN:16,(anonymous_1)
FN:18,(anonymous_2)
FN:20,(anonymous_3)
FNF:4
FNH:2
FNDA:11,(anonymous_0)
FNDA:10,(anonymous_1)
FNDA:0,(anonymous_2)
FNDA:0,(anonymous_3)
DA:8,1
DA:9,1
DA:10,1
DA:11,1
DA:12,1
DA:13,1
DA:14,11
LF:7
LH:7
BRF:0
BRH:0
end_of_record
TN:
SF:/home/ritesh/development/UserManagementServer/ui/src/app/shared/directives/sortable.directive.ts
FN:30,(anonymous_0)
FN:44,(anonymous_1)
FNF:2
FNH:1
FNDA:1,(anonymous_0)
FNDA:0,(anonymous_1)
DA:23,1
DA:38,1
DA:40,1
DA:41,1
DA:42,1
DA:45,0
DA:46,0
DA:48,0
DA:50,0
LF:9
LH:5
BRDA:45,0,0,0
BRDA:45,0,1,0
BRDA:45,1,0,0
BRDA:45,1,1,0
BRF:4
BRH:0
end_of_record
TN:
SF:/home/ritesh/development/UserManagementServer/ui/src/app/shared/footer/footer.component.ts
FN:11,(anonymous_0)
FN:13,(anonymous_1)
FNF:2
FNH:0
FNDA:0,(anonymous_0)
FNDA:0,(anonymous_1)
DA:8,1
DA:15,0
LF:2
LH:1
BRF:0
BRH:0
end_of_record
TN:
SF:/home/ritesh/development/UserManagementServer/ui/src/app/shared/header/header.component.ts
FN:12,(anonymous_0)
FN:13,(anonymous_1)
FN:17,(anonymous_2)
FNF:3
FNH:2
FNDA:1,(anonymous_0)
FNDA:1,(anonymous_1)
FNDA:0,(anonymous_2)
DA:9,1
DA:14,1
DA:15,1
DA:18,0
DA:19,0
DA:20,0
DA:21,0
LF:7
LH:3
BRDA:21,0,0,0
BRDA:21,0,1,0
BRF:2
BRH:0
end_of_record
TN:
SF:/home/ritesh/development/UserManagementServer/ui/src/app/shared/loader/loader.component.ts
FN:11,(anonymous_0)
FN:13,(anonymous_1)
FNF:2
FNH:2
FNDA:139,(anonymous_0)
FNDA:139,(anonymous_1)
DA:8,1
DA:14,139
LF:2
LH:2
BRF:0
BRH:0
end_of_record
TN:
SF:/home/ritesh/development/UserManagementServer/ui/src/app/shared/logo/logo.component.ts
FN:12,(anonymous_0)
FN:14,(anonymous_1)
FNF:2
FNH:2
FNDA:1,(anonymous_0)
FNDA:1,(anonymous_1)
DA:9,1
DA:15,1
LF:2
LH:2
BRF:0
BRH:0
end_of_record
TN:
SF:/home/ritesh/development/UserManagementServer/ui/src/app/shared/logout/logout.component.ts
FN:17,(anonymous_0)
FN:19,(anonymous_1)
FN:22,(anonymous_2)
FN:25,(anonymous_3)
FNF:4
FNH:0
FNDA:0,(anonymous_0)
FNDA:0,(anonymous_1)
FNDA:0,(anonymous_2)
FNDA:0,(anonymous_3)
DA:15,1
DA:17,0
DA:23,0
DA:24,0
DA:26,0
DA:27,0
DA:28,0
DA:30,0
LF:8
LH:1
BRDA:27,0,0,0
BRDA:27,0,1,0
BRDA:30,1,0,0
BRDA:30,1,1,0
BRF:4
BRH:0
end_of_record
TN:
SF:/home/ritesh/development/UserManagementServer/ui/src/app/shared/message-popup/message-popup.component.ts
FN:12,(anonymous_0)
FN:14,(anonymous_1)
FN:16,(anonymous_2)
FNF:3
FNH:2
FNDA:2,(anonymous_0)
FNDA:2,(anonymous_1)
FNDA:0,(anonymous_2)
DA:8,1
DA:9,1
DA:10,1
DA:11,1
DA:12,2
LF:5
LH:5
BRF:0
BRH:0
end_of_record
TN:
SF:/home/ritesh/development/UserManagementServer/ui/src/app/shared/redirect/redirect.component.ts
FN:14,(anonymous_0)
FN:16,(anonymous_1)
FN:24,(anonymous_2)
FNF:3
FNH:0
FNDA:0,(anonymous_0)
FNDA:0,(anonymous_1)
FNDA:0,(anonymous_2)
DA:12,1
DA:14,0
DA:18,0
DA:19,0
DA:20,0
DA:22,0
DA:23,0
DA:25,0
DA:26,0
LF:9
LH:1
BRDA:18,0,0,0
BRDA:18,0,1,0
BRDA:18,1,0,0
BRDA:18,1,1,0
BRF:4
BRH:0
end_of_record
TN:
SF:/home/ritesh/development/UserManagementServer/ui/src/app/shared/sidenav/sidenav.component.ts
FN:10,(anonymous_0)
FN:12,(anonymous_1)
FNF:2
FNH:2
FNDA:1,(anonymous_0)
FNDA:1,(anonymous_1)
DA:8,1
LF:1
LH:1
BRF:0
BRH:0
end_of_record
TN:
SF:/home/ritesh/development/UserManagementServer/ui/src/app/shared/toast-notification/toast-notification.component.ts
FN:29,(anonymous_0)
FN:32,(anonymous_1)
FNF:2
FNH:1
FNDA:1,(anonymous_0)
FNDA:0,(anonymous_1)
DA:24,1
DA:26,1
DA:28,1
DA:29,1
DA:30,1
DA:32,0
LF:6
LH:5
BRF:0
BRH:0
end_of_record
TN:
SF:/home/ritesh/development/UserManagementServer/ui/src/app/shared/toast-notification/toast-service.service.ts
FN:22,(anonymous_0)
FN:38,(anonymous_1)
FN:42,(anonymous_2)
FN:55,(anonymous_3)
FN:56,(anonymous_4)
FNF:5
FNH:2
FNDA:248,(anonymous_0)
FNDA:0,(anonymous_1)
FNDA:11,(anonymous_2)
FNDA:0,(anonymous_3)
FNDA:0,(anonymous_4)
DA:10,1
DA:12,248
DA:19,248
DA:22,248
DA:24,248
DA:25,248
DA:26,0
DA:27,0
DA:29,0
DA:32,248
DA:39,0
DA:45,11
DA:46,11
DA:47,0
DA:51,11
DA:52,11
DA:56,0
LF:17
LH:11
BRDA:25,0,0,0
BRDA:25,0,1,248
BRDA:26,1,0,0
BRDA:26,1,1,0
BRDA:42,2,0,0
BRDA:46,3,0,0
BRDA:46,3,1,11
BRF:7
BRH:2
end_of_record
TN:
SF:/home/ritesh/development/UserManagementServer/ui/src/environments/environment.ts
FNF:0
FNH:0
DA:5,1
LF:1
LH:1
BRF:0
BRH:0
end_of_record
